{"C:\\Data\\Code\\MEAN\\E-Mall ProConnect\\backend-express\\modules\\admin\\controller\\admin.controller.js": {"path":"C:\\Data\\Code\\MEAN\\E-Mall ProConnect\\backend-express\\modules\\admin\\controller\\admin.controller.js","statementMap":{"0":{"start":{"line":1,"column":25},"end":{"line":1,"column":69}},"1":{"start":{"line":3,"column":21},"end":{"line":3,"column":43}},"2":{"start":{"line":7,"column":8},"end":{"line":12,"column":9}},"3":{"start":{"line":8,"column":26},"end":{"line":8,"column":58}},"4":{"start":{"line":9,"column":12},"end":{"line":9,"column":28}},"5":{"start":{"line":11,"column":12},"end":{"line":11,"column":70}},"6":{"start":{"line":16,"column":8},"end":{"line":21,"column":9}},"7":{"start":{"line":17,"column":29},"end":{"line":17,"column":64}},"8":{"start":{"line":18,"column":12},"end":{"line":18,"column":31}},"9":{"start":{"line":20,"column":12},"end":{"line":20,"column":73}},"10":{"start":{"line":25,"column":8},"end":{"line":30,"column":9}},"11":{"start":{"line":26,"column":27},"end":{"line":26,"column":60}},"12":{"start":{"line":27,"column":12},"end":{"line":27,"column":29}},"13":{"start":{"line":29,"column":12},"end":{"line":29,"column":71}},"14":{"start":{"line":34,"column":8},"end":{"line":39,"column":9}},"15":{"start":{"line":35,"column":30},"end":{"line":35,"column":62}},"16":{"start":{"line":36,"column":12},"end":{"line":36,"column":32}},"17":{"start":{"line":38,"column":12},"end":{"line":38,"column":75}},"18":{"start":{"line":43,"column":8},"end":{"line":48,"column":9}},"19":{"start":{"line":44,"column":34},"end":{"line":44,"column":67}},"20":{"start":{"line":45,"column":12},"end":{"line":45,"column":36}},"21":{"start":{"line":47,"column":12},"end":{"line":47,"column":85}},"22":{"start":{"line":52,"column":8},"end":{"line":57,"column":9}},"23":{"start":{"line":53,"column":32},"end":{"line":53,"column":63}},"24":{"start":{"line":54,"column":12},"end":{"line":54,"column":34}},"25":{"start":{"line":56,"column":12},"end":{"line":56,"column":81}},"26":{"start":{"line":61,"column":8},"end":{"line":66,"column":9}},"27":{"start":{"line":62,"column":34},"end":{"line":62,"column":71}},"28":{"start":{"line":63,"column":12},"end":{"line":63,"column":36}},"29":{"start":{"line":65,"column":12},"end":{"line":65,"column":79}},"30":{"start":{"line":70,"column":8},"end":{"line":75,"column":9}},"31":{"start":{"line":71,"column":33},"end":{"line":71,"column":69}},"32":{"start":{"line":72,"column":12},"end":{"line":72,"column":35}},"33":{"start":{"line":74,"column":12},"end":{"line":74,"column":82}},"34":{"start":{"line":79,"column":8},"end":{"line":84,"column":9}},"35":{"start":{"line":80,"column":32},"end":{"line":80,"column":68}},"36":{"start":{"line":81,"column":12},"end":{"line":81,"column":34}},"37":{"start":{"line":83,"column":12},"end":{"line":83,"column":81}},"38":{"start":{"line":88,"column":0},"end":{"line":88,"column":33}}},"fnMap":{"0":{"name":"(anonymous_0)","decl":{"start":{"line":6,"column":4},"end":{"line":6,"column":5}},"loc":{"start":{"line":6,"column":33},"end":{"line":13,"column":5}},"line":6},"1":{"name":"(anonymous_1)","decl":{"start":{"line":15,"column":4},"end":{"line":15,"column":5}},"loc":{"start":{"line":15,"column":36},"end":{"line":22,"column":5}},"line":15},"2":{"name":"(anonymous_2)","decl":{"start":{"line":24,"column":4},"end":{"line":24,"column":5}},"loc":{"start":{"line":24,"column":34},"end":{"line":31,"column":5}},"line":24},"3":{"name":"(anonymous_3)","decl":{"start":{"line":33,"column":4},"end":{"line":33,"column":5}},"loc":{"start":{"line":33,"column":37},"end":{"line":40,"column":5}},"line":33},"4":{"name":"(anonymous_4)","decl":{"start":{"line":42,"column":4},"end":{"line":42,"column":5}},"loc":{"start":{"line":42,"column":34},"end":{"line":49,"column":5}},"line":42},"5":{"name":"(anonymous_5)","decl":{"start":{"line":51,"column":4},"end":{"line":51,"column":5}},"loc":{"start":{"line":51,"column":32},"end":{"line":58,"column":5}},"line":51},"6":{"name":"(anonymous_6)","decl":{"start":{"line":60,"column":4},"end":{"line":60,"column":5}},"loc":{"start":{"line":60,"column":38},"end":{"line":67,"column":5}},"line":60},"7":{"name":"(anonymous_7)","decl":{"start":{"line":69,"column":4},"end":{"line":69,"column":5}},"loc":{"start":{"line":69,"column":41},"end":{"line":76,"column":5}},"line":69},"8":{"name":"(anonymous_8)","decl":{"start":{"line":78,"column":4},"end":{"line":78,"column":5}},"loc":{"start":{"line":78,"column":37},"end":{"line":85,"column":5}},"line":78}},"branchMap":{},"s":{"0":1,"1":1,"2":1,"3":1,"4":1,"5":0,"6":1,"7":1,"8":1,"9":0,"10":1,"11":1,"12":1,"13":0,"14":1,"15":1,"16":1,"17":0,"18":1,"19":1,"20":1,"21":0,"22":1,"23":1,"24":1,"25":0,"26":0,"27":0,"28":0,"29":0,"30":0,"31":0,"32":0,"33":0,"34":1,"35":1,"36":1,"37":0,"38":1},"f":{"0":1,"1":1,"2":1,"3":1,"4":1,"5":1,"6":0,"7":0,"8":1},"b":{},"_coverageSchema":"1a1c01bbd47fc00a2c39e90264f33305004495a9","hash":"3797d1e68823254a08cccd63c6d0a902c6b671b3"}
,"C:\\Data\\Code\\MEAN\\E-Mall ProConnect\\backend-express\\modules\\admin\\service\\admin.service.js": {"path":"C:\\Data\\Code\\MEAN\\E-Mall ProConnect\\backend-express\\modules\\admin\\service\\admin.service.js","statementMap":{"0":{"start":{"line":17,"column":0},"end":{"line":17,"column":30}}},"fnMap":{"0":{"name":"(anonymous_0)","decl":{"start":{"line":2,"column":4},"end":{"line":2,"column":5}},"loc":{"start":{"line":2,"column":24},"end":{"line":2,"column":27}},"line":2},"1":{"name":"(anonymous_1)","decl":{"start":{"line":3,"column":4},"end":{"line":3,"column":5}},"loc":{"start":{"line":3,"column":27},"end":{"line":3,"column":30}},"line":3},"2":{"name":"(anonymous_2)","decl":{"start":{"line":4,"column":4},"end":{"line":4,"column":5}},"loc":{"start":{"line":4,"column":25},"end":{"line":4,"column":28}},"line":4},"3":{"name":"(anonymous_3)","decl":{"start":{"line":5,"column":4},"end":{"line":5,"column":5}},"loc":{"start":{"line":5,"column":24},"end":{"line":5,"column":27}},"line":5},"4":{"name":"(anonymous_4)","decl":{"start":{"line":6,"column":4},"end":{"line":6,"column":5}},"loc":{"start":{"line":6,"column":25},"end":{"line":6,"column":28}},"line":6},"5":{"name":"(anonymous_5)","decl":{"start":{"line":7,"column":4},"end":{"line":7,"column":5}},"loc":{"start":{"line":7,"column":23},"end":{"line":7,"column":26}},"line":7},"6":{"name":"(anonymous_6)","decl":{"start":{"line":8,"column":4},"end":{"line":8,"column":5}},"loc":{"start":{"line":8,"column":29},"end":{"line":8,"column":32}},"line":8},"7":{"name":"(anonymous_7)","decl":{"start":{"line":9,"column":4},"end":{"line":9,"column":5}},"loc":{"start":{"line":9,"column":28},"end":{"line":9,"column":31}},"line":9},"8":{"name":"(anonymous_8)","decl":{"start":{"line":10,"column":4},"end":{"line":10,"column":5}},"loc":{"start":{"line":10,"column":30},"end":{"line":10,"column":33}},"line":10},"9":{"name":"(anonymous_9)","decl":{"start":{"line":11,"column":4},"end":{"line":11,"column":5}},"loc":{"start":{"line":11,"column":32},"end":{"line":11,"column":35}},"line":11},"10":{"name":"(anonymous_10)","decl":{"start":{"line":12,"column":4},"end":{"line":12,"column":5}},"loc":{"start":{"line":12,"column":37},"end":{"line":12,"column":40}},"line":12},"11":{"name":"(anonymous_11)","decl":{"start":{"line":13,"column":4},"end":{"line":13,"column":5}},"loc":{"start":{"line":13,"column":36},"end":{"line":13,"column":39}},"line":13},"12":{"name":"(anonymous_12)","decl":{"start":{"line":14,"column":4},"end":{"line":14,"column":5}},"loc":{"start":{"line":14,"column":28},"end":{"line":14,"column":31}},"line":14}},"branchMap":{},"s":{"0":2},"f":{"0":0,"1":0,"2":0,"3":0,"4":0,"5":0,"6":0,"7":0,"8":0,"9":0,"10":0,"11":0,"12":0},"b":{},"_coverageSchema":"1a1c01bbd47fc00a2c39e90264f33305004495a9","hash":"032f404a34cd794c931f2694321600810a0a9c1e"}
,"C:\\Data\\Code\\MEAN\\E-Mall ProConnect\\backend-express\\modules\\admin\\service\\impl\\admin.serviceImpl.js": {"path":"C:\\Data\\Code\\MEAN\\E-Mall ProConnect\\backend-express\\modules\\admin\\service\\impl\\admin.serviceImpl.js","statementMap":{"0":{"start":{"line":1,"column":18},"end":{"line":1,"column":64}},"1":{"start":{"line":2,"column":21},"end":{"line":2,"column":73}},"2":{"start":{"line":3,"column":18},"end":{"line":3,"column":64}},"3":{"start":{"line":4,"column":19},"end":{"line":4,"column":67}},"4":{"start":{"line":5,"column":21},"end":{"line":5,"column":59}},"5":{"start":{"line":9,"column":8},"end":{"line":14,"column":9}},"6":{"start":{"line":10,"column":26},"end":{"line":10,"column":48}},"7":{"start":{"line":11,"column":12},"end":{"line":11,"column":25}},"8":{"start":{"line":13,"column":12},"end":{"line":13,"column":52}},"9":{"start":{"line":18,"column":8},"end":{"line":23,"column":9}},"10":{"start":{"line":19,"column":29},"end":{"line":19,"column":54}},"11":{"start":{"line":20,"column":12},"end":{"line":20,"column":28}},"12":{"start":{"line":22,"column":12},"end":{"line":22,"column":55}},"13":{"start":{"line":27,"column":8},"end":{"line":32,"column":9}},"14":{"start":{"line":28,"column":27},"end":{"line":28,"column":50}},"15":{"start":{"line":29,"column":12},"end":{"line":29,"column":26}},"16":{"start":{"line":31,"column":12},"end":{"line":31,"column":53}},"17":{"start":{"line":36,"column":8},"end":{"line":41,"column":9}},"18":{"start":{"line":37,"column":26},"end":{"line":37,"column":48}},"19":{"start":{"line":38,"column":12},"end":{"line":38,"column":25}},"20":{"start":{"line":40,"column":12},"end":{"line":40,"column":52}},"21":{"start":{"line":45,"column":8},"end":{"line":57,"column":9}},"22":{"start":{"line":47,"column":34},"end":{"line":53,"column":13}},"23":{"start":{"line":54,"column":12},"end":{"line":54,"column":33}},"24":{"start":{"line":56,"column":12},"end":{"line":56,"column":67}},"25":{"start":{"line":61,"column":8},"end":{"line":73,"column":9}},"26":{"start":{"line":63,"column":32},"end":{"line":69,"column":13}},"27":{"start":{"line":70,"column":12},"end":{"line":70,"column":31}},"28":{"start":{"line":72,"column":12},"end":{"line":72,"column":59}},"29":{"start":{"line":77,"column":8},"end":{"line":87,"column":9}},"30":{"start":{"line":79,"column":34},"end":{"line":83,"column":13}},"31":{"start":{"line":84,"column":12},"end":{"line":84,"column":33}},"32":{"start":{"line":86,"column":12},"end":{"line":86,"column":61}},"33":{"start":{"line":91,"column":8},"end":{"line":96,"column":9}},"34":{"start":{"line":92,"column":33},"end":{"line":92,"column":73}},"35":{"start":{"line":93,"column":12},"end":{"line":93,"column":32}},"36":{"start":{"line":95,"column":12},"end":{"line":95,"column":60}},"37":{"start":{"line":100,"column":8},"end":{"line":111,"column":9}},"38":{"start":{"line":102,"column":27},"end":{"line":102,"column":60}},"39":{"start":{"line":103,"column":35},"end":{"line":107,"column":13}},"40":{"start":{"line":108,"column":12},"end":{"line":108,"column":34}},"41":{"start":{"line":110,"column":12},"end":{"line":110,"column":62}},"42":{"start":{"line":115,"column":8},"end":{"line":127,"column":9}},"43":{"start":{"line":117,"column":37},"end":{"line":123,"column":13}},"44":{"start":{"line":124,"column":12},"end":{"line":124,"column":36}},"45":{"start":{"line":126,"column":12},"end":{"line":126,"column":69}},"46":{"start":{"line":131,"column":8},"end":{"line":138,"column":9}},"47":{"start":{"line":133,"column":36},"end":{"line":133,"column":61}},"48":{"start":{"line":134,"column":12},"end":{"line":134,"column":35}},"49":{"start":{"line":136,"column":12},"end":{"line":136,"column":31}},"50":{"start":{"line":137,"column":12},"end":{"line":137,"column":75}},"51":{"start":{"line":142,"column":8},"end":{"line":155,"column":9}},"52":{"start":{"line":144,"column":26},"end":{"line":144,"column":58}},"53":{"start":{"line":145,"column":39},"end":{"line":150,"column":13}},"54":{"start":{"line":151,"column":12},"end":{"line":151,"column":38}},"55":{"start":{"line":153,"column":12},"end":{"line":153,"column":31}},"56":{"start":{"line":154,"column":12},"end":{"line":154,"column":74}},"57":{"start":{"line":159,"column":8},"end":{"line":180,"column":9}},"58":{"start":{"line":161,"column":32},"end":{"line":161,"column":65}},"59":{"start":{"line":162,"column":33},"end":{"line":169,"column":14}},"60":{"start":{"line":171,"column":32},"end":{"line":175,"column":13}},"61":{"start":{"line":177,"column":12},"end":{"line":177,"column":31}},"62":{"start":{"line":179,"column":12},"end":{"line":179,"column":64}},"63":{"start":{"line":184,"column":0},"end":{"line":184,"column":34}}},"fnMap":{"0":{"name":"(anonymous_0)","decl":{"start":{"line":8,"column":4},"end":{"line":8,"column":5}},"loc":{"start":{"line":8,"column":24},"end":{"line":15,"column":5}},"line":8},"1":{"name":"(anonymous_1)","decl":{"start":{"line":17,"column":4},"end":{"line":17,"column":5}},"loc":{"start":{"line":17,"column":27},"end":{"line":24,"column":5}},"line":17},"2":{"name":"(anonymous_2)","decl":{"start":{"line":26,"column":4},"end":{"line":26,"column":5}},"loc":{"start":{"line":26,"column":25},"end":{"line":33,"column":5}},"line":26},"3":{"name":"(anonymous_3)","decl":{"start":{"line":35,"column":4},"end":{"line":35,"column":5}},"loc":{"start":{"line":35,"column":24},"end":{"line":42,"column":5}},"line":35},"4":{"name":"(anonymous_4)","decl":{"start":{"line":44,"column":4},"end":{"line":44,"column":5}},"loc":{"start":{"line":44,"column":25},"end":{"line":58,"column":5}},"line":44},"5":{"name":"(anonymous_5)","decl":{"start":{"line":60,"column":4},"end":{"line":60,"column":5}},"loc":{"start":{"line":60,"column":23},"end":{"line":74,"column":5}},"line":60},"6":{"name":"(anonymous_6)","decl":{"start":{"line":76,"column":4},"end":{"line":76,"column":5}},"loc":{"start":{"line":76,"column":29},"end":{"line":88,"column":5}},"line":76},"7":{"name":"(anonymous_7)","decl":{"start":{"line":90,"column":4},"end":{"line":90,"column":5}},"loc":{"start":{"line":90,"column":28},"end":{"line":97,"column":5}},"line":90},"8":{"name":"(anonymous_8)","decl":{"start":{"line":99,"column":4},"end":{"line":99,"column":5}},"loc":{"start":{"line":99,"column":30},"end":{"line":112,"column":5}},"line":99},"9":{"name":"(anonymous_9)","decl":{"start":{"line":114,"column":4},"end":{"line":114,"column":5}},"loc":{"start":{"line":114,"column":32},"end":{"line":128,"column":5}},"line":114},"10":{"name":"(anonymous_10)","decl":{"start":{"line":130,"column":4},"end":{"line":130,"column":5}},"loc":{"start":{"line":130,"column":37},"end":{"line":139,"column":5}},"line":130},"11":{"name":"(anonymous_11)","decl":{"start":{"line":141,"column":4},"end":{"line":141,"column":5}},"loc":{"start":{"line":141,"column":36},"end":{"line":156,"column":5}},"line":141},"12":{"name":"(anonymous_12)","decl":{"start":{"line":158,"column":4},"end":{"line":158,"column":5}},"loc":{"start":{"line":158,"column":28},"end":{"line":181,"column":5}},"line":158}},"branchMap":{"0":{"loc":{"start":{"line":173,"column":30},"end":{"line":173,"column":79}},"type":"cond-expr","locations":[{"start":{"line":173,"column":48},"end":{"line":173,"column":75}},{"start":{"line":173,"column":78},"end":{"line":173,"column":79}}],"line":173}},"s":{"0":2,"1":2,"2":2,"3":2,"4":2,"5":2,"6":2,"7":1,"8":1,"9":2,"10":2,"11":1,"12":1,"13":2,"14":2,"15":1,"16":1,"17":2,"18":2,"19":1,"20":1,"21":0,"22":0,"23":0,"24":0,"25":0,"26":0,"27":0,"28":0,"29":0,"30":0,"31":0,"32":0,"33":1,"34":1,"35":0,"36":1,"37":0,"38":0,"39":0,"40":0,"41":0,"42":1,"43":1,"44":1,"45":0,"46":1,"47":1,"48":1,"49":0,"50":0,"51":1,"52":1,"53":1,"54":1,"55":0,"56":0,"57":2,"58":2,"59":1,"60":1,"61":1,"62":1,"63":2},"f":{"0":2,"1":2,"2":2,"3":2,"4":0,"5":0,"6":0,"7":1,"8":0,"9":1,"10":1,"11":1,"12":2},"b":{"0":[1,0]},"_coverageSchema":"1a1c01bbd47fc00a2c39e90264f33305004495a9","hash":"60459311688bdafbaec55a77df2389b507ecbce2"}
,"C:\\Data\\Code\\MEAN\\E-Mall ProConnect\\backend-express\\modules\\blog\\controller\\blog.controller.js": {"path":"C:\\Data\\Code\\MEAN\\E-Mall ProConnect\\backend-express\\modules\\blog\\controller\\blog.controller.js","statementMap":{"0":{"start":{"line":1,"column":24},"end":{"line":1,"column":67}},"1":{"start":{"line":3,"column":20},"end":{"line":3,"column":41}},"2":{"start":{"line":7,"column":8},"end":{"line":12,"column":9}},"3":{"start":{"line":8,"column":28},"end":{"line":8,"column":66}},"4":{"start":{"line":9,"column":12},"end":{"line":9,"column":42}},"5":{"start":{"line":11,"column":12},"end":{"line":11,"column":75}},"6":{"start":{"line":16,"column":8},"end":{"line":21,"column":9}},"7":{"start":{"line":17,"column":25},"end":{"line":17,"column":65}},"8":{"start":{"line":18,"column":12},"end":{"line":18,"column":27}},"9":{"start":{"line":20,"column":12},"end":{"line":20,"column":68}},"10":{"start":{"line":25,"column":8},"end":{"line":30,"column":9}},"11":{"start":{"line":26,"column":32},"end":{"line":26,"column":85}},"12":{"start":{"line":27,"column":12},"end":{"line":27,"column":34}},"13":{"start":{"line":29,"column":12},"end":{"line":29,"column":68}},"14":{"start":{"line":34,"column":8},"end":{"line":39,"column":9}},"15":{"start":{"line":35,"column":32},"end":{"line":35,"column":75}},"16":{"start":{"line":36,"column":12},"end":{"line":36,"column":34}},"17":{"start":{"line":38,"column":12},"end":{"line":38,"column":68}},"18":{"start":{"line":43,"column":8},"end":{"line":48,"column":9}},"19":{"start":{"line":44,"column":26},"end":{"line":44,"column":57}},"20":{"start":{"line":45,"column":12},"end":{"line":45,"column":28}},"21":{"start":{"line":47,"column":12},"end":{"line":47,"column":81}},"22":{"start":{"line":52,"column":8},"end":{"line":57,"column":9}},"23":{"start":{"line":53,"column":33},"end":{"line":53,"column":68}},"24":{"start":{"line":54,"column":12},"end":{"line":54,"column":35}},"25":{"start":{"line":56,"column":12},"end":{"line":56,"column":81}},"26":{"start":{"line":61,"column":8},"end":{"line":71,"column":9}},"27":{"start":{"line":62,"column":27},"end":{"line":62,"column":40}},"28":{"start":{"line":63,"column":28},"end":{"line":66,"column":13}},"29":{"start":{"line":67,"column":32},"end":{"line":67,"column":77}},"30":{"start":{"line":68,"column":12},"end":{"line":68,"column":34}},"31":{"start":{"line":70,"column":12},"end":{"line":70,"column":70}},"32":{"start":{"line":75,"column":8},"end":{"line":82,"column":9}},"33":{"start":{"line":76,"column":42},"end":{"line":76,"column":52}},"34":{"start":{"line":77,"column":35},"end":{"line":77,"column":58}},"35":{"start":{"line":78,"column":32},"end":{"line":78,"column":96}},"36":{"start":{"line":79,"column":12},"end":{"line":79,"column":34}},"37":{"start":{"line":81,"column":12},"end":{"line":81,"column":71}},"38":{"start":{"line":86,"column":8},"end":{"line":92,"column":9}},"39":{"start":{"line":87,"column":42},"end":{"line":87,"column":52}},"40":{"start":{"line":88,"column":32},"end":{"line":88,"column":82}},"41":{"start":{"line":89,"column":12},"end":{"line":89,"column":34}},"42":{"start":{"line":91,"column":12},"end":{"line":91,"column":73}},"43":{"start":{"line":96,"column":8},"end":{"line":101,"column":9}},"44":{"start":{"line":97,"column":31},"end":{"line":97,"column":64}},"45":{"start":{"line":98,"column":12},"end":{"line":98,"column":33}},"46":{"start":{"line":100,"column":12},"end":{"line":100,"column":78}},"47":{"start":{"line":105,"column":8},"end":{"line":111,"column":9}},"48":{"start":{"line":106,"column":31},"end":{"line":106,"column":41}},"49":{"start":{"line":107,"column":32},"end":{"line":107,"column":66}},"50":{"start":{"line":108,"column":12},"end":{"line":108,"column":34}},"51":{"start":{"line":110,"column":12},"end":{"line":110,"column":73}},"52":{"start":{"line":115,"column":8},"end":{"line":121,"column":9}},"53":{"start":{"line":116,"column":31},"end":{"line":116,"column":41}},"54":{"start":{"line":117,"column":33},"end":{"line":117,"column":74}},"55":{"start":{"line":118,"column":12},"end":{"line":118,"column":35}},"56":{"start":{"line":120,"column":12},"end":{"line":120,"column":76}},"57":{"start":{"line":125,"column":8},"end":{"line":131,"column":9}},"58":{"start":{"line":126,"column":34},"end":{"line":126,"column":44}},"59":{"start":{"line":127,"column":25},"end":{"line":127,"column":70}},"60":{"start":{"line":128,"column":12},"end":{"line":128,"column":27}},"61":{"start":{"line":130,"column":12},"end":{"line":130,"column":76}},"62":{"start":{"line":135,"column":0},"end":{"line":135,"column":32}}},"fnMap":{"0":{"name":"(anonymous_0)","decl":{"start":{"line":6,"column":4},"end":{"line":6,"column":5}},"loc":{"start":{"line":6,"column":31},"end":{"line":13,"column":5}},"line":6},"1":{"name":"(anonymous_1)","decl":{"start":{"line":15,"column":4},"end":{"line":15,"column":5}},"loc":{"start":{"line":15,"column":28},"end":{"line":22,"column":5}},"line":15},"2":{"name":"(anonymous_2)","decl":{"start":{"line":24,"column":4},"end":{"line":24,"column":5}},"loc":{"start":{"line":24,"column":31},"end":{"line":31,"column":5}},"line":24},"3":{"name":"(anonymous_3)","decl":{"start":{"line":33,"column":4},"end":{"line":33,"column":5}},"loc":{"start":{"line":33,"column":31},"end":{"line":40,"column":5}},"line":33},"4":{"name":"(anonymous_4)","decl":{"start":{"line":42,"column":4},"end":{"line":42,"column":5}},"loc":{"start":{"line":42,"column":32},"end":{"line":49,"column":5}},"line":42},"5":{"name":"(anonymous_5)","decl":{"start":{"line":51,"column":4},"end":{"line":51,"column":5}},"loc":{"start":{"line":51,"column":36},"end":{"line":58,"column":5}},"line":51},"6":{"name":"(anonymous_6)","decl":{"start":{"line":60,"column":4},"end":{"line":60,"column":5}},"loc":{"start":{"line":60,"column":31},"end":{"line":72,"column":5}},"line":60},"7":{"name":"(anonymous_7)","decl":{"start":{"line":74,"column":4},"end":{"line":74,"column":5}},"loc":{"start":{"line":74,"column":32},"end":{"line":83,"column":5}},"line":74},"8":{"name":"(anonymous_8)","decl":{"start":{"line":85,"column":4},"end":{"line":85,"column":5}},"loc":{"start":{"line":85,"column":34},"end":{"line":93,"column":5}},"line":85},"9":{"name":"(anonymous_9)","decl":{"start":{"line":95,"column":4},"end":{"line":95,"column":5}},"loc":{"start":{"line":95,"column":34},"end":{"line":102,"column":5}},"line":95},"10":{"name":"(anonymous_10)","decl":{"start":{"line":104,"column":4},"end":{"line":104,"column":5}},"loc":{"start":{"line":104,"column":29},"end":{"line":112,"column":5}},"line":104},"11":{"name":"(anonymous_11)","decl":{"start":{"line":114,"column":4},"end":{"line":114,"column":5}},"loc":{"start":{"line":114,"column":36},"end":{"line":122,"column":5}},"line":114},"12":{"name":"(anonymous_12)","decl":{"start":{"line":124,"column":4},"end":{"line":124,"column":5}},"loc":{"start":{"line":124,"column":37},"end":{"line":132,"column":5}},"line":124}},"branchMap":{},"s":{"0":1,"1":1,"2":2,"3":2,"4":1,"5":1,"6":2,"7":2,"8":1,"9":1,"10":2,"11":2,"12":1,"13":1,"14":3,"15":3,"16":1,"17":2,"18":0,"19":0,"20":0,"21":0,"22":0,"23":0,"24":0,"25":0,"26":2,"27":2,"28":2,"29":2,"30":2,"31":0,"32":2,"33":2,"34":2,"35":2,"36":2,"37":0,"38":2,"39":2,"40":2,"41":2,"42":0,"43":1,"44":1,"45":1,"46":0,"47":0,"48":0,"49":0,"50":0,"51":0,"52":1,"53":1,"54":1,"55":1,"56":0,"57":0,"58":0,"59":0,"60":0,"61":0,"62":1},"f":{"0":2,"1":2,"2":2,"3":3,"4":0,"5":0,"6":2,"7":2,"8":2,"9":1,"10":0,"11":1,"12":0},"b":{},"_coverageSchema":"1a1c01bbd47fc00a2c39e90264f33305004495a9","hash":"9ef760e1f5514142ade8036d3f5a55920d27b874"}
,"C:\\Data\\Code\\MEAN\\E-Mall ProConnect\\backend-express\\modules\\blog\\dao\\models\\blog.model.js": {"path":"C:\\Data\\Code\\MEAN\\E-Mall ProConnect\\backend-express\\modules\\blog\\dao\\models\\blog.model.js","statementMap":{"0":{"start":{"line":1,"column":15},"end":{"line":1,"column":34}},"1":{"start":{"line":3,"column":17},"end":{"line":3,"column":50}},"2":{"start":{"line":4,"column":0},"end":{"line":4,"column":52}}},"fnMap":{},"branchMap":{},"s":{"0":4,"1":4,"2":4},"f":{},"b":{},"_coverageSchema":"1a1c01bbd47fc00a2c39e90264f33305004495a9","hash":"c35b67fc29caf5946aeca31b9502a935d3e15521"}
,"C:\\Data\\Code\\MEAN\\E-Mall ProConnect\\backend-express\\modules\\blog\\dao\\schemas\\blog.schema.js": {"path":"C:\\Data\\Code\\MEAN\\E-Mall ProConnect\\backend-express\\modules\\blog\\dao\\schemas\\blog.schema.js","statementMap":{"0":{"start":{"line":1,"column":17},"end":{"line":1,"column":36}},"1":{"start":{"line":3,"column":19},"end":{"line":15,"column":2}},"2":{"start":{"line":17,"column":0},"end":{"line":17,"column":28}}},"fnMap":{},"branchMap":{},"s":{"0":4,"1":4,"2":4},"f":{},"b":{},"_coverageSchema":"1a1c01bbd47fc00a2c39e90264f33305004495a9","hash":"d08d1ac5be7356befbf939d838345c61d3eb4f81"}
,"C:\\Data\\Code\\MEAN\\E-Mall ProConnect\\backend-express\\modules\\blog\\routes\\blogs.routes.js": {"path":"C:\\Data\\Code\\MEAN\\E-Mall ProConnect\\backend-express\\modules\\blog\\routes\\blogs.routes.js","statementMap":{"0":{"start":{"line":1,"column":16},"end":{"line":1,"column":34}},"1":{"start":{"line":2,"column":15},"end":{"line":2,"column":31}},"2":{"start":{"line":4,"column":23},"end":{"line":4,"column":63}},"3":{"start":{"line":5,"column":23},"end":{"line":5,"column":69}},"4":{"start":{"line":6,"column":23},"end":{"line":6,"column":43}},"5":{"start":{"line":8,"column":0},"end":{"line":8,"column":66}},"6":{"start":{"line":9,"column":0},"end":{"line":9,"column":43}},"7":{"start":{"line":10,"column":0},"end":{"line":10,"column":62}},"8":{"start":{"line":11,"column":0},"end":{"line":11,"column":65}},"9":{"start":{"line":12,"column":0},"end":{"line":12,"column":67}},"10":{"start":{"line":13,"column":0},"end":{"line":13,"column":47}},"11":{"start":{"line":14,"column":0},"end":{"line":14,"column":55}},"12":{"start":{"line":15,"column":0},"end":{"line":15,"column":72}},"13":{"start":{"line":16,"column":0},"end":{"line":16,"column":83}},"14":{"start":{"line":17,"column":0},"end":{"line":17,"column":88}},"15":{"start":{"line":18,"column":0},"end":{"line":18,"column":56}},"16":{"start":{"line":19,"column":0},"end":{"line":19,"column":65}},"17":{"start":{"line":20,"column":0},"end":{"line":20,"column":66}},"18":{"start":{"line":22,"column":0},"end":{"line":22,"column":24}}},"fnMap":{},"branchMap":{},"s":{"0":1,"1":1,"2":1,"3":1,"4":1,"5":1,"6":1,"7":1,"8":1,"9":1,"10":1,"11":1,"12":1,"13":1,"14":1,"15":1,"16":1,"17":1,"18":1},"f":{},"b":{},"_coverageSchema":"1a1c01bbd47fc00a2c39e90264f33305004495a9","hash":"78d9568f0086f680dbde157b00141b3b441fd65b"}
,"C:\\Data\\Code\\MEAN\\E-Mall ProConnect\\backend-express\\modules\\blog\\service\\blog.service.js": {"path":"C:\\Data\\Code\\MEAN\\E-Mall ProConnect\\backend-express\\modules\\blog\\service\\blog.service.js","statementMap":{"0":{"start":{"line":17,"column":0},"end":{"line":17,"column":29}}},"fnMap":{"0":{"name":"(anonymous_0)","decl":{"start":{"line":2,"column":4},"end":{"line":2,"column":5}},"loc":{"start":{"line":2,"column":31},"end":{"line":2,"column":34}},"line":2},"1":{"name":"(anonymous_1)","decl":{"start":{"line":3,"column":4},"end":{"line":3,"column":5}},"loc":{"start":{"line":3,"column":26},"end":{"line":3,"column":29}},"line":3},"2":{"name":"(anonymous_2)","decl":{"start":{"line":4,"column":4},"end":{"line":4,"column":5}},"loc":{"start":{"line":4,"column":42},"end":{"line":4,"column":45}},"line":4},"3":{"name":"(anonymous_3)","decl":{"start":{"line":5,"column":4},"end":{"line":5,"column":5}},"loc":{"start":{"line":5,"column":29},"end":{"line":5,"column":32}},"line":5},"4":{"name":"(anonymous_4)","decl":{"start":{"line":6,"column":4},"end":{"line":6,"column":5}},"loc":{"start":{"line":6,"column":24},"end":{"line":6,"column":27}},"line":6},"5":{"name":"(anonymous_5)","decl":{"start":{"line":7,"column":4},"end":{"line":7,"column":5}},"loc":{"start":{"line":7,"column":28},"end":{"line":7,"column":31}},"line":7},"6":{"name":"(anonymous_6)","decl":{"start":{"line":8,"column":4},"end":{"line":8,"column":5}},"loc":{"start":{"line":8,"column":38},"end":{"line":8,"column":41}},"line":8},"7":{"name":"(anonymous_7)","decl":{"start":{"line":9,"column":4},"end":{"line":9,"column":5}},"loc":{"start":{"line":9,"column":57},"end":{"line":9,"column":60}},"line":9},"8":{"name":"(anonymous_8)","decl":{"start":{"line":10,"column":4},"end":{"line":10,"column":5}},"loc":{"start":{"line":10,"column":43},"end":{"line":10,"column":46}},"line":10},"9":{"name":"(anonymous_9)","decl":{"start":{"line":11,"column":4},"end":{"line":11,"column":5}},"loc":{"start":{"line":11,"column":26},"end":{"line":11,"column":29}},"line":11},"10":{"name":"(anonymous_10)","decl":{"start":{"line":12,"column":4},"end":{"line":12,"column":5}},"loc":{"start":{"line":12,"column":27},"end":{"line":12,"column":30}},"line":12},"11":{"name":"(anonymous_11)","decl":{"start":{"line":13,"column":4},"end":{"line":13,"column":5}},"loc":{"start":{"line":13,"column":34},"end":{"line":13,"column":37}},"line":13},"12":{"name":"(anonymous_12)","decl":{"start":{"line":14,"column":4},"end":{"line":14,"column":5}},"loc":{"start":{"line":14,"column":38},"end":{"line":14,"column":41}},"line":14}},"branchMap":{},"s":{"0":2},"f":{"0":0,"1":0,"2":0,"3":0,"4":0,"5":0,"6":0,"7":0,"8":0,"9":0,"10":0,"11":0,"12":0},"b":{},"_coverageSchema":"1a1c01bbd47fc00a2c39e90264f33305004495a9","hash":"52709f8d7832ac8113fa6504fde733e0dd3b34e3"}
,"C:\\Data\\Code\\MEAN\\E-Mall ProConnect\\backend-express\\modules\\blog\\service\\impl\\blog.serviceImpl.js": {"path":"C:\\Data\\Code\\MEAN\\E-Mall ProConnect\\backend-express\\modules\\blog\\service\\impl\\blog.serviceImpl.js","statementMap":{"0":{"start":{"line":1,"column":13},"end":{"line":1,"column":51}},"1":{"start":{"line":2,"column":20},"end":{"line":2,"column":46}},"2":{"start":{"line":6,"column":8},"end":{"line":11,"column":9}},"3":{"start":{"line":7,"column":25},"end":{"line":7,"column":52}},"4":{"start":{"line":8,"column":12},"end":{"line":8,"column":24}},"5":{"start":{"line":10,"column":12},"end":{"line":10,"column":59}},"6":{"start":{"line":15,"column":8},"end":{"line":23,"column":9}},"7":{"start":{"line":16,"column":25},"end":{"line":16,"column":52}},"8":{"start":{"line":17,"column":12},"end":{"line":19,"column":13}},"9":{"start":{"line":18,"column":16},"end":{"line":18,"column":56}},"10":{"start":{"line":20,"column":12},"end":{"line":20,"column":24}},"11":{"start":{"line":22,"column":12},"end":{"line":22,"column":56}},"12":{"start":{"line":27,"column":8},"end":{"line":35,"column":9}},"13":{"start":{"line":28,"column":25},"end":{"line":28,"column":89}},"14":{"start":{"line":29,"column":12},"end":{"line":31,"column":13}},"15":{"start":{"line":30,"column":16},"end":{"line":30,"column":56}},"16":{"start":{"line":32,"column":12},"end":{"line":32,"column":24}},"17":{"start":{"line":34,"column":12},"end":{"line":34,"column":59}},"18":{"start":{"line":39,"column":8},"end":{"line":47,"column":9}},"19":{"start":{"line":40,"column":25},"end":{"line":40,"column":61}},"20":{"start":{"line":41,"column":12},"end":{"line":43,"column":13}},"21":{"start":{"line":42,"column":16},"end":{"line":42,"column":56}},"22":{"start":{"line":44,"column":12},"end":{"line":44,"column":24}},"23":{"start":{"line":46,"column":12},"end":{"line":46,"column":59}},"24":{"start":{"line":51,"column":8},"end":{"line":56,"column":9}},"25":{"start":{"line":52,"column":26},"end":{"line":52,"column":43}},"26":{"start":{"line":53,"column":12},"end":{"line":53,"column":25}},"27":{"start":{"line":55,"column":12},"end":{"line":55,"column":65}},"28":{"start":{"line":60,"column":8},"end":{"line":65,"column":9}},"29":{"start":{"line":61,"column":33},"end":{"line":61,"column":79}},"30":{"start":{"line":62,"column":12},"end":{"line":62,"column":32}},"31":{"start":{"line":64,"column":12},"end":{"line":64,"column":65}},"32":{"start":{"line":69,"column":8},"end":{"line":79,"column":9}},"33":{"start":{"line":70,"column":25},"end":{"line":70,"column":52}},"34":{"start":{"line":71,"column":12},"end":{"line":73,"column":13}},"35":{"start":{"line":72,"column":16},"end":{"line":72,"column":56}},"36":{"start":{"line":74,"column":12},"end":{"line":74,"column":40}},"37":{"start":{"line":75,"column":12},"end":{"line":75,"column":30}},"38":{"start":{"line":76,"column":12},"end":{"line":76,"column":24}},"39":{"start":{"line":78,"column":12},"end":{"line":78,"column":54}},"40":{"start":{"line":83,"column":8},"end":{"line":97,"column":9}},"41":{"start":{"line":84,"column":25},"end":{"line":84,"column":52}},"42":{"start":{"line":85,"column":12},"end":{"line":87,"column":13}},"43":{"start":{"line":86,"column":16},"end":{"line":86,"column":56}},"44":{"start":{"line":88,"column":33},"end":{"line":88,"column":105}},"45":{"start":{"line":88,"column":68},"end":{"line":88,"column":104}},"46":{"start":{"line":89,"column":12},"end":{"line":91,"column":13}},"47":{"start":{"line":90,"column":16},"end":{"line":90,"column":54}},"48":{"start":{"line":92,"column":12},"end":{"line":92,"column":62}},"49":{"start":{"line":93,"column":12},"end":{"line":93,"column":30}},"50":{"start":{"line":94,"column":12},"end":{"line":94,"column":24}},"51":{"start":{"line":96,"column":12},"end":{"line":96,"column":55}},"52":{"start":{"line":101,"column":8},"end":{"line":115,"column":9}},"53":{"start":{"line":102,"column":25},"end":{"line":102,"column":52}},"54":{"start":{"line":103,"column":12},"end":{"line":105,"column":13}},"55":{"start":{"line":104,"column":16},"end":{"line":104,"column":56}},"56":{"start":{"line":106,"column":33},"end":{"line":106,"column":105}},"57":{"start":{"line":106,"column":68},"end":{"line":106,"column":104}},"58":{"start":{"line":107,"column":12},"end":{"line":109,"column":13}},"59":{"start":{"line":108,"column":16},"end":{"line":108,"column":54}},"60":{"start":{"line":110,"column":12},"end":{"line":110,"column":50}},"61":{"start":{"line":111,"column":12},"end":{"line":111,"column":30}},"62":{"start":{"line":112,"column":12},"end":{"line":112,"column":24}},"63":{"start":{"line":114,"column":12},"end":{"line":114,"column":57}},"64":{"start":{"line":119,"column":8},"end":{"line":124,"column":9}},"65":{"start":{"line":120,"column":31},"end":{"line":120,"column":64}},"66":{"start":{"line":121,"column":12},"end":{"line":121,"column":30}},"67":{"start":{"line":123,"column":12},"end":{"line":123,"column":62}},"68":{"start":{"line":128,"column":8},"end":{"line":138,"column":9}},"69":{"start":{"line":129,"column":25},"end":{"line":129,"column":52}},"70":{"start":{"line":130,"column":12},"end":{"line":132,"column":13}},"71":{"start":{"line":131,"column":16},"end":{"line":131,"column":56}},"72":{"start":{"line":133,"column":12},"end":{"line":133,"column":25}},"73":{"start":{"line":134,"column":12},"end":{"line":134,"column":30}},"74":{"start":{"line":135,"column":12},"end":{"line":135,"column":24}},"75":{"start":{"line":137,"column":12},"end":{"line":137,"column":57}},"76":{"start":{"line":142,"column":8},"end":{"line":151,"column":9}},"77":{"start":{"line":143,"column":25},"end":{"line":143,"column":52}},"78":{"start":{"line":144,"column":12},"end":{"line":146,"column":13}},"79":{"start":{"line":145,"column":16},"end":{"line":145,"column":56}},"80":{"start":{"line":147,"column":33},"end":{"line":147,"column":53}},"81":{"start":{"line":148,"column":12},"end":{"line":148,"column":36}},"82":{"start":{"line":150,"column":12},"end":{"line":150,"column":60}},"83":{"start":{"line":155,"column":8},"end":{"line":165,"column":9}},"84":{"start":{"line":156,"column":25},"end":{"line":159,"column":50}},"85":{"start":{"line":161,"column":12},"end":{"line":161,"column":24}},"86":{"start":{"line":163,"column":12},"end":{"line":163,"column":57}},"87":{"start":{"line":164,"column":12},"end":{"line":164,"column":24}},"88":{"start":{"line":169,"column":0},"end":{"line":169,"column":33}}},"fnMap":{"0":{"name":"(anonymous_0)","decl":{"start":{"line":5,"column":4},"end":{"line":5,"column":5}},"loc":{"start":{"line":5,"column":31},"end":{"line":12,"column":5}},"line":5},"1":{"name":"(anonymous_1)","decl":{"start":{"line":14,"column":4},"end":{"line":14,"column":5}},"loc":{"start":{"line":14,"column":26},"end":{"line":24,"column":5}},"line":14},"2":{"name":"(anonymous_2)","decl":{"start":{"line":26,"column":4},"end":{"line":26,"column":5}},"loc":{"start":{"line":26,"column":42},"end":{"line":36,"column":5}},"line":26},"3":{"name":"(anonymous_3)","decl":{"start":{"line":38,"column":4},"end":{"line":38,"column":5}},"loc":{"start":{"line":38,"column":29},"end":{"line":48,"column":5}},"line":38},"4":{"name":"(anonymous_4)","decl":{"start":{"line":50,"column":4},"end":{"line":50,"column":5}},"loc":{"start":{"line":50,"column":24},"end":{"line":57,"column":5}},"line":50},"5":{"name":"(anonymous_5)","decl":{"start":{"line":59,"column":4},"end":{"line":59,"column":5}},"loc":{"start":{"line":59,"column":28},"end":{"line":66,"column":5}},"line":59},"6":{"name":"(anonymous_6)","decl":{"start":{"line":68,"column":4},"end":{"line":68,"column":5}},"loc":{"start":{"line":68,"column":38},"end":{"line":80,"column":5}},"line":68},"7":{"name":"(anonymous_7)","decl":{"start":{"line":82,"column":4},"end":{"line":82,"column":5}},"loc":{"start":{"line":82,"column":57},"end":{"line":98,"column":5}},"line":82},"8":{"name":"(anonymous_8)","decl":{"start":{"line":88,"column":57},"end":{"line":88,"column":58}},"loc":{"start":{"line":88,"column":68},"end":{"line":88,"column":104}},"line":88},"9":{"name":"(anonymous_9)","decl":{"start":{"line":100,"column":4},"end":{"line":100,"column":5}},"loc":{"start":{"line":100,"column":43},"end":{"line":116,"column":5}},"line":100},"10":{"name":"(anonymous_10)","decl":{"start":{"line":106,"column":57},"end":{"line":106,"column":58}},"loc":{"start":{"line":106,"column":68},"end":{"line":106,"column":104}},"line":106},"11":{"name":"(anonymous_11)","decl":{"start":{"line":118,"column":4},"end":{"line":118,"column":5}},"loc":{"start":{"line":118,"column":26},"end":{"line":125,"column":5}},"line":118},"12":{"name":"(anonymous_12)","decl":{"start":{"line":127,"column":4},"end":{"line":127,"column":5}},"loc":{"start":{"line":127,"column":27},"end":{"line":139,"column":5}},"line":127},"13":{"name":"(anonymous_13)","decl":{"start":{"line":141,"column":4},"end":{"line":141,"column":5}},"loc":{"start":{"line":141,"column":34},"end":{"line":152,"column":5}},"line":141},"14":{"name":"(anonymous_14)","decl":{"start":{"line":154,"column":4},"end":{"line":154,"column":5}},"loc":{"start":{"line":154,"column":38},"end":{"line":166,"column":5}},"line":154}},"branchMap":{"0":{"loc":{"start":{"line":17,"column":12},"end":{"line":19,"column":13}},"type":"if","locations":[{"start":{"line":17,"column":12},"end":{"line":19,"column":13}},{"start":{},"end":{}}],"line":17},"1":{"loc":{"start":{"line":29,"column":12},"end":{"line":31,"column":13}},"type":"if","locations":[{"start":{"line":29,"column":12},"end":{"line":31,"column":13}},{"start":{},"end":{}}],"line":29},"2":{"loc":{"start":{"line":41,"column":12},"end":{"line":43,"column":13}},"type":"if","locations":[{"start":{"line":41,"column":12},"end":{"line":43,"column":13}},{"start":{},"end":{}}],"line":41},"3":{"loc":{"start":{"line":71,"column":12},"end":{"line":73,"column":13}},"type":"if","locations":[{"start":{"line":71,"column":12},"end":{"line":73,"column":13}},{"start":{},"end":{}}],"line":71},"4":{"loc":{"start":{"line":85,"column":12},"end":{"line":87,"column":13}},"type":"if","locations":[{"start":{"line":85,"column":12},"end":{"line":87,"column":13}},{"start":{},"end":{}}],"line":85},"5":{"loc":{"start":{"line":89,"column":12},"end":{"line":91,"column":13}},"type":"if","locations":[{"start":{"line":89,"column":12},"end":{"line":91,"column":13}},{"start":{},"end":{}}],"line":89},"6":{"loc":{"start":{"line":103,"column":12},"end":{"line":105,"column":13}},"type":"if","locations":[{"start":{"line":103,"column":12},"end":{"line":105,"column":13}},{"start":{},"end":{}}],"line":103},"7":{"loc":{"start":{"line":107,"column":12},"end":{"line":109,"column":13}},"type":"if","locations":[{"start":{"line":107,"column":12},"end":{"line":109,"column":13}},{"start":{},"end":{}}],"line":107},"8":{"loc":{"start":{"line":130,"column":12},"end":{"line":132,"column":13}},"type":"if","locations":[{"start":{"line":130,"column":12},"end":{"line":132,"column":13}},{"start":{},"end":{}}],"line":130},"9":{"loc":{"start":{"line":144,"column":12},"end":{"line":146,"column":13}},"type":"if","locations":[{"start":{"line":144,"column":12},"end":{"line":146,"column":13}},{"start":{},"end":{}}],"line":144}},"s":{"0":2,"1":2,"2":2,"3":2,"4":1,"5":1,"6":2,"7":2,"8":2,"9":1,"10":1,"11":1,"12":3,"13":3,"14":2,"15":1,"16":1,"17":2,"18":3,"19":3,"20":2,"21":1,"22":1,"23":2,"24":2,"25":2,"26":1,"27":1,"28":1,"29":1,"30":1,"31":0,"32":0,"33":0,"34":0,"35":0,"36":0,"37":0,"38":0,"39":0,"40":0,"41":0,"42":0,"43":0,"44":0,"45":0,"46":0,"47":0,"48":0,"49":0,"50":0,"51":0,"52":0,"53":0,"54":0,"55":0,"56":0,"57":0,"58":0,"59":0,"60":0,"61":0,"62":0,"63":0,"64":1,"65":1,"66":1,"67":0,"68":1,"69":1,"70":1,"71":0,"72":1,"73":1,"74":1,"75":0,"76":1,"77":1,"78":1,"79":0,"80":1,"81":1,"82":0,"83":0,"84":0,"85":0,"86":0,"87":0,"88":2},"f":{"0":2,"1":2,"2":3,"3":3,"4":2,"5":1,"6":0,"7":0,"8":0,"9":0,"10":0,"11":1,"12":1,"13":1,"14":0},"b":{"0":[1,1],"1":[1,1],"2":[1,1],"3":[0,0],"4":[0,0],"5":[0,0],"6":[0,0],"7":[0,0],"8":[0,1],"9":[0,1]},"_coverageSchema":"1a1c01bbd47fc00a2c39e90264f33305004495a9","hash":"2b56d71f67c9d9ad2ffb5f10b3a7194ebd323808"}
,"C:\\Data\\Code\\MEAN\\E-Mall ProConnect\\backend-express\\modules\\middleware\\authAdminMiddleware.js": {"path":"C:\\Data\\Code\\MEAN\\E-Mall ProConnect\\backend-express\\modules\\middleware\\authAdminMiddleware.js","statementMap":{"0":{"start":{"line":2,"column":4},"end":{"line":6,"column":5}},"1":{"start":{"line":3,"column":8},"end":{"line":3,"column":15}},"2":{"start":{"line":5,"column":8},"end":{"line":5,"column":90}},"3":{"start":{"line":9,"column":0},"end":{"line":9,"column":33}}},"fnMap":{"0":{"name":"adminMiddleware","decl":{"start":{"line":1,"column":9},"end":{"line":1,"column":24}},"loc":{"start":{"line":1,"column":41},"end":{"line":7,"column":1}},"line":1}},"branchMap":{"0":{"loc":{"start":{"line":2,"column":4},"end":{"line":6,"column":5}},"type":"if","locations":[{"start":{"line":2,"column":4},"end":{"line":6,"column":5}},{"start":{"line":4,"column":11},"end":{"line":6,"column":5}}],"line":2}},"s":{"0":0,"1":0,"2":0,"3":4},"f":{"0":0},"b":{"0":[0,0]},"_coverageSchema":"1a1c01bbd47fc00a2c39e90264f33305004495a9","hash":"06c507a10dce8e9737723fa8516f1f3416678c68"}
,"C:\\Data\\Code\\MEAN\\E-Mall ProConnect\\backend-express\\modules\\middleware\\authUserMiddleware.js": {"path":"C:\\Data\\Code\\MEAN\\E-Mall ProConnect\\backend-express\\modules\\middleware\\authUserMiddleware.js","statementMap":{"0":{"start":{"line":1,"column":12},"end":{"line":1,"column":35}},"1":{"start":{"line":4,"column":18},"end":{"line":4,"column":58}},"2":{"start":{"line":5,"column":4},"end":{"line":7,"column":5}},"3":{"start":{"line":6,"column":8},"end":{"line":6,"column":65}},"4":{"start":{"line":8,"column":4},"end":{"line":15,"column":5}},"5":{"start":{"line":9,"column":29},"end":{"line":9,"column":65}},"6":{"start":{"line":10,"column":8},"end":{"line":10,"column":37}},"7":{"start":{"line":11,"column":8},"end":{"line":11,"column":15}},"8":{"start":{"line":13,"column":8},"end":{"line":13,"column":27}},"9":{"start":{"line":14,"column":8},"end":{"line":14,"column":58}},"10":{"start":{"line":18,"column":0},"end":{"line":18,"column":32}}},"fnMap":{"0":{"name":"authMiddleware","decl":{"start":{"line":3,"column":9},"end":{"line":3,"column":23}},"loc":{"start":{"line":3,"column":40},"end":{"line":16,"column":1}},"line":3}},"branchMap":{"0":{"loc":{"start":{"line":5,"column":4},"end":{"line":7,"column":5}},"type":"if","locations":[{"start":{"line":5,"column":4},"end":{"line":7,"column":5}},{"start":{},"end":{}}],"line":5}},"s":{"0":4,"1":37,"2":37,"3":37,"4":0,"5":0,"6":0,"7":0,"8":0,"9":0,"10":4},"f":{"0":37},"b":{"0":[37,0]},"_coverageSchema":"1a1c01bbd47fc00a2c39e90264f33305004495a9","hash":"f57857359862cde1e8ac16218576ee6c730a122f"}
,"C:\\Data\\Code\\MEAN\\E-Mall ProConnect\\backend-express\\modules\\order\\controller\\order.controller.js": {"path":"C:\\Data\\Code\\MEAN\\E-Mall ProConnect\\backend-express\\modules\\order\\controller\\order.controller.js","statementMap":{"0":{"start":{"line":1,"column":25},"end":{"line":1,"column":69}},"1":{"start":{"line":3,"column":21},"end":{"line":3,"column":43}},"2":{"start":{"line":7,"column":8},"end":{"line":12,"column":9}},"3":{"start":{"line":8,"column":27},"end":{"line":8,"column":68}},"4":{"start":{"line":9,"column":12},"end":{"line":9,"column":41}},"5":{"start":{"line":11,"column":12},"end":{"line":11,"column":71}},"6":{"start":{"line":16,"column":8},"end":{"line":21,"column":9}},"7":{"start":{"line":17,"column":29},"end":{"line":17,"column":69}},"8":{"start":{"line":18,"column":12},"end":{"line":18,"column":43}},"9":{"start":{"line":20,"column":12},"end":{"line":20,"column":71}},"10":{"start":{"line":25,"column":8},"end":{"line":30,"column":9}},"11":{"start":{"line":26,"column":26},"end":{"line":26,"column":68}},"12":{"start":{"line":27,"column":12},"end":{"line":27,"column":28}},"13":{"start":{"line":29,"column":12},"end":{"line":29,"column":64}},"14":{"start":{"line":34,"column":8},"end":{"line":39,"column":9}},"15":{"start":{"line":35,"column":33},"end":{"line":35,"column":88}},"16":{"start":{"line":36,"column":12},"end":{"line":36,"column":35}},"17":{"start":{"line":38,"column":12},"end":{"line":38,"column":64}},"18":{"start":{"line":43,"column":8},"end":{"line":48,"column":9}},"19":{"start":{"line":44,"column":33},"end":{"line":44,"column":78}},"20":{"start":{"line":45,"column":12},"end":{"line":45,"column":35}},"21":{"start":{"line":47,"column":12},"end":{"line":47,"column":64}},"22":{"start":{"line":52,"column":8},"end":{"line":58,"column":9}},"23":{"start":{"line":53,"column":27},"end":{"line":53,"column":44}},"24":{"start":{"line":54,"column":31},"end":{"line":54,"column":71}},"25":{"start":{"line":55,"column":12},"end":{"line":55,"column":33}},"26":{"start":{"line":57,"column":12},"end":{"line":57,"column":79}},"27":{"start":{"line":62,"column":8},"end":{"line":68,"column":9}},"28":{"start":{"line":63,"column":28},"end":{"line":63,"column":41}},"29":{"start":{"line":64,"column":34},"end":{"line":64,"column":73}},"30":{"start":{"line":65,"column":12},"end":{"line":65,"column":36}},"31":{"start":{"line":67,"column":12},"end":{"line":67,"column":64}},"32":{"start":{"line":72,"column":8},"end":{"line":78,"column":9}},"33":{"start":{"line":73,"column":28},"end":{"line":73,"column":41}},"34":{"start":{"line":74,"column":35},"end":{"line":74,"column":85}},"35":{"start":{"line":75,"column":12},"end":{"line":75,"column":37}},"36":{"start":{"line":77,"column":12},"end":{"line":77,"column":64}},"37":{"start":{"line":82,"column":8},"end":{"line":88,"column":9}},"38":{"start":{"line":83,"column":28},"end":{"line":83,"column":41}},"39":{"start":{"line":84,"column":12},"end":{"line":84,"column":55}},"40":{"start":{"line":85,"column":12},"end":{"line":85,"column":69}},"41":{"start":{"line":87,"column":12},"end":{"line":87,"column":74}},"42":{"start":{"line":92,"column":8},"end":{"line":97,"column":9}},"43":{"start":{"line":93,"column":35},"end":{"line":93,"column":73}},"44":{"start":{"line":94,"column":12},"end":{"line":94,"column":37}},"45":{"start":{"line":96,"column":12},"end":{"line":96,"column":83}},"46":{"start":{"line":101,"column":8},"end":{"line":107,"column":9}},"47":{"start":{"line":102,"column":28},"end":{"line":102,"column":41}},"48":{"start":{"line":103,"column":28},"end":{"line":103,"column":71}},"49":{"start":{"line":104,"column":12},"end":{"line":104,"column":30}},"50":{"start":{"line":106,"column":12},"end":{"line":106,"column":75}},"51":{"start":{"line":111,"column":8},"end":{"line":117,"column":9}},"52":{"start":{"line":112,"column":28},"end":{"line":112,"column":41}},"53":{"start":{"line":113,"column":36},"end":{"line":113,"column":77}},"54":{"start":{"line":114,"column":12},"end":{"line":114,"column":38}},"55":{"start":{"line":116,"column":12},"end":{"line":116,"column":73}},"56":{"start":{"line":121,"column":8},"end":{"line":126,"column":9}},"57":{"start":{"line":122,"column":37},"end":{"line":122,"column":77}},"58":{"start":{"line":123,"column":12},"end":{"line":123,"column":39}},"59":{"start":{"line":125,"column":12},"end":{"line":125,"column":85}},"60":{"start":{"line":130,"column":8},"end":{"line":136,"column":9}},"61":{"start":{"line":131,"column":42},"end":{"line":131,"column":52}},"62":{"start":{"line":132,"column":31},"end":{"line":132,"column":86}},"63":{"start":{"line":133,"column":12},"end":{"line":133,"column":33}},"64":{"start":{"line":135,"column":12},"end":{"line":135,"column":111}},"65":{"start":{"line":140,"column":0},"end":{"line":140,"column":33}}},"fnMap":{"0":{"name":"(anonymous_0)","decl":{"start":{"line":6,"column":4},"end":{"line":6,"column":5}},"loc":{"start":{"line":6,"column":33},"end":{"line":13,"column":5}},"line":6},"1":{"name":"(anonymous_1)","decl":{"start":{"line":15,"column":4},"end":{"line":15,"column":5}},"loc":{"start":{"line":15,"column":32},"end":{"line":22,"column":5}},"line":15},"2":{"name":"(anonymous_2)","decl":{"start":{"line":24,"column":4},"end":{"line":24,"column":5}},"loc":{"start":{"line":24,"column":29},"end":{"line":31,"column":5}},"line":24},"3":{"name":"(anonymous_3)","decl":{"start":{"line":33,"column":4},"end":{"line":33,"column":5}},"loc":{"start":{"line":33,"column":32},"end":{"line":40,"column":5}},"line":33},"4":{"name":"(anonymous_4)","decl":{"start":{"line":42,"column":4},"end":{"line":42,"column":5}},"loc":{"start":{"line":42,"column":32},"end":{"line":49,"column":5}},"line":42},"5":{"name":"(anonymous_5)","decl":{"start":{"line":51,"column":4},"end":{"line":51,"column":5}},"loc":{"start":{"line":51,"column":34},"end":{"line":59,"column":5}},"line":51},"6":{"name":"(anonymous_6)","decl":{"start":{"line":61,"column":4},"end":{"line":61,"column":5}},"loc":{"start":{"line":61,"column":32},"end":{"line":69,"column":5}},"line":61},"7":{"name":"(anonymous_7)","decl":{"start":{"line":71,"column":4},"end":{"line":71,"column":5}},"loc":{"start":{"line":71,"column":38},"end":{"line":79,"column":5}},"line":71},"8":{"name":"(anonymous_8)","decl":{"start":{"line":81,"column":4},"end":{"line":81,"column":5}},"loc":{"start":{"line":81,"column":35},"end":{"line":89,"column":5}},"line":81},"9":{"name":"(anonymous_9)","decl":{"start":{"line":91,"column":4},"end":{"line":91,"column":5}},"loc":{"start":{"line":91,"column":38},"end":{"line":98,"column":5}},"line":91},"10":{"name":"(anonymous_10)","decl":{"start":{"line":100,"column":4},"end":{"line":100,"column":5}},"loc":{"start":{"line":100,"column":36},"end":{"line":108,"column":5}},"line":100},"11":{"name":"(anonymous_11)","decl":{"start":{"line":110,"column":4},"end":{"line":110,"column":5}},"loc":{"start":{"line":110,"column":34},"end":{"line":118,"column":5}},"line":110},"12":{"name":"(anonymous_12)","decl":{"start":{"line":120,"column":4},"end":{"line":120,"column":5}},"loc":{"start":{"line":120,"column":40},"end":{"line":127,"column":5}},"line":120},"13":{"name":"(anonymous_13)","decl":{"start":{"line":129,"column":4},"end":{"line":129,"column":5}},"loc":{"start":{"line":129,"column":38},"end":{"line":137,"column":5}},"line":129}},"branchMap":{},"s":{"0":1,"1":1,"2":0,"3":0,"4":0,"5":0,"6":2,"7":2,"8":1,"9":1,"10":2,"11":2,"12":1,"13":1,"14":2,"15":2,"16":1,"17":1,"18":3,"19":3,"20":1,"21":2,"22":1,"23":1,"24":1,"25":1,"26":0,"27":1,"28":1,"29":1,"30":1,"31":0,"32":1,"33":1,"34":1,"35":1,"36":0,"37":1,"38":1,"39":1,"40":1,"41":0,"42":1,"43":1,"44":1,"45":0,"46":1,"47":1,"48":1,"49":1,"50":0,"51":1,"52":1,"53":1,"54":1,"55":0,"56":1,"57":1,"58":1,"59":0,"60":0,"61":0,"62":0,"63":0,"64":0,"65":1},"f":{"0":0,"1":2,"2":2,"3":2,"4":3,"5":1,"6":1,"7":1,"8":1,"9":1,"10":1,"11":1,"12":1,"13":0},"b":{},"_coverageSchema":"1a1c01bbd47fc00a2c39e90264f33305004495a9","hash":"b1971797fae802a29019e4fde5ecd4389f2a4558"}
,"C:\\Data\\Code\\MEAN\\E-Mall ProConnect\\backend-express\\modules\\order\\dao\\models\\order.model.js": {"path":"C:\\Data\\Code\\MEAN\\E-Mall ProConnect\\backend-express\\modules\\order\\dao\\models\\order.model.js","statementMap":{"0":{"start":{"line":1,"column":15},"end":{"line":1,"column":34}},"1":{"start":{"line":3,"column":18},"end":{"line":3,"column":52}},"2":{"start":{"line":4,"column":0},"end":{"line":4,"column":54}}},"fnMap":{},"branchMap":{},"s":{"0":6,"1":6,"2":6},"f":{},"b":{},"_coverageSchema":"1a1c01bbd47fc00a2c39e90264f33305004495a9","hash":"eeadc7e8713e6469ee649b4e20aae214a516eb6a"}
,"C:\\Data\\Code\\MEAN\\E-Mall ProConnect\\backend-express\\modules\\order\\dao\\schemas\\order.schema.js": {"path":"C:\\Data\\Code\\MEAN\\E-Mall ProConnect\\backend-express\\modules\\order\\dao\\schemas\\order.schema.js","statementMap":{"0":{"start":{"line":1,"column":17},"end":{"line":1,"column":36}},"1":{"start":{"line":3,"column":20},"end":{"line":21,"column":2}},"2":{"start":{"line":23,"column":0},"end":{"line":23,"column":29}}},"fnMap":{},"branchMap":{},"s":{"0":6,"1":6,"2":6},"f":{},"b":{},"_coverageSchema":"1a1c01bbd47fc00a2c39e90264f33305004495a9","hash":"ab0a8e1d67e3f6a9ddedc21aedd8c3cddf908fe4"}
,"C:\\Data\\Code\\MEAN\\E-Mall ProConnect\\backend-express\\modules\\order\\routes\\order.routes.js": {"path":"C:\\Data\\Code\\MEAN\\E-Mall ProConnect\\backend-express\\modules\\order\\routes\\order.routes.js","statementMap":{"0":{"start":{"line":1,"column":16},"end":{"line":1,"column":34}},"1":{"start":{"line":2,"column":15},"end":{"line":2,"column":31}},"2":{"start":{"line":4,"column":24},"end":{"line":4,"column":65}},"3":{"start":{"line":5,"column":23},"end":{"line":5,"column":69}},"4":{"start":{"line":6,"column":24},"end":{"line":6,"column":45}},"5":{"start":{"line":8,"column":0},"end":{"line":8,"column":27}},"6":{"start":{"line":10,"column":0},"end":{"line":10,"column":49}},"7":{"start":{"line":11,"column":0},"end":{"line":11,"column":52}},"8":{"start":{"line":12,"column":0},"end":{"line":12,"column":45}},"9":{"start":{"line":13,"column":0},"end":{"line":13,"column":48}},"10":{"start":{"line":14,"column":0},"end":{"line":14,"column":51}},"11":{"start":{"line":15,"column":0},"end":{"line":15,"column":59}},"12":{"start":{"line":16,"column":0},"end":{"line":16,"column":58}},"13":{"start":{"line":17,"column":0},"end":{"line":17,"column":62}},"14":{"start":{"line":18,"column":0},"end":{"line":18,"column":56}},"15":{"start":{"line":19,"column":0},"end":{"line":19,"column":60}},"16":{"start":{"line":20,"column":0},"end":{"line":20,"column":60}},"17":{"start":{"line":21,"column":0},"end":{"line":21,"column":59}},"18":{"start":{"line":22,"column":0},"end":{"line":22,"column":60}},"19":{"start":{"line":23,"column":0},"end":{"line":23,"column":77}},"20":{"start":{"line":25,"column":0},"end":{"line":25,"column":24}}},"fnMap":{},"branchMap":{},"s":{"0":1,"1":1,"2":1,"3":1,"4":1,"5":1,"6":1,"7":1,"8":1,"9":1,"10":1,"11":1,"12":1,"13":1,"14":1,"15":1,"16":1,"17":1,"18":1,"19":1,"20":1},"f":{},"b":{},"_coverageSchema":"1a1c01bbd47fc00a2c39e90264f33305004495a9","hash":"6eec246186b3d5b05b824b38e6a448fd48d16a1f"}
,"C:\\Data\\Code\\MEAN\\E-Mall ProConnect\\backend-express\\modules\\order\\service\\order.service.js": {"path":"C:\\Data\\Code\\MEAN\\E-Mall ProConnect\\backend-express\\modules\\order\\service\\order.service.js","statementMap":{"0":{"start":{"line":18,"column":0},"end":{"line":18,"column":30}}},"fnMap":{"0":{"name":"(anonymous_0)","decl":{"start":{"line":2,"column":4},"end":{"line":2,"column":5}},"loc":{"start":{"line":2,"column":33},"end":{"line":2,"column":36}},"line":2},"1":{"name":"(anonymous_1)","decl":{"start":{"line":3,"column":4},"end":{"line":3,"column":5}},"loc":{"start":{"line":3,"column":28},"end":{"line":3,"column":31}},"line":3},"2":{"name":"(anonymous_2)","decl":{"start":{"line":4,"column":4},"end":{"line":4,"column":5}},"loc":{"start":{"line":4,"column":45},"end":{"line":4,"column":48}},"line":4},"3":{"name":"(anonymous_3)","decl":{"start":{"line":5,"column":4},"end":{"line":5,"column":5}},"loc":{"start":{"line":5,"column":31},"end":{"line":5,"column":34}},"line":5},"4":{"name":"(anonymous_4)","decl":{"start":{"line":6,"column":4},"end":{"line":6,"column":5}},"loc":{"start":{"line":6,"column":32},"end":{"line":6,"column":35}},"line":6},"5":{"name":"(anonymous_5)","decl":{"start":{"line":7,"column":4},"end":{"line":7,"column":5}},"loc":{"start":{"line":7,"column":31},"end":{"line":7,"column":34}},"line":7},"6":{"name":"(anonymous_6)","decl":{"start":{"line":8,"column":4},"end":{"line":8,"column":5}},"loc":{"start":{"line":8,"column":42},"end":{"line":8,"column":45}},"line":8},"7":{"name":"(anonymous_7)","decl":{"start":{"line":9,"column":4},"end":{"line":9,"column":5}},"loc":{"start":{"line":9,"column":34},"end":{"line":9,"column":37}},"line":9},"8":{"name":"(anonymous_8)","decl":{"start":{"line":10,"column":4},"end":{"line":10,"column":5}},"loc":{"start":{"line":10,"column":30},"end":{"line":10,"column":33}},"line":10},"9":{"name":"(anonymous_9)","decl":{"start":{"line":11,"column":4},"end":{"line":11,"column":5}},"loc":{"start":{"line":11,"column":35},"end":{"line":11,"column":38}},"line":11},"10":{"name":"(anonymous_10)","decl":{"start":{"line":12,"column":4},"end":{"line":12,"column":5}},"loc":{"start":{"line":12,"column":33},"end":{"line":12,"column":36}},"line":12},"11":{"name":"(anonymous_11)","decl":{"start":{"line":13,"column":4},"end":{"line":13,"column":5}},"loc":{"start":{"line":13,"column":32},"end":{"line":13,"column":35}},"line":13},"12":{"name":"(anonymous_12)","decl":{"start":{"line":14,"column":4},"end":{"line":14,"column":5}},"loc":{"start":{"line":14,"column":47},"end":{"line":14,"column":50}},"line":14},"13":{"name":"(anonymous_13)","decl":{"start":{"line":15,"column":4},"end":{"line":15,"column":5}},"loc":{"start":{"line":15,"column":25},"end":{"line":15,"column":28}},"line":15}},"branchMap":{},"s":{"0":2},"f":{"0":0,"1":0,"2":0,"3":0,"4":0,"5":0,"6":0,"7":0,"8":0,"9":0,"10":0,"11":0,"12":0,"13":0},"b":{},"_coverageSchema":"1a1c01bbd47fc00a2c39e90264f33305004495a9","hash":"5b6dad5155b900e30e34fa344bf4f6f63d1b9cd5"}
,"C:\\Data\\Code\\MEAN\\E-Mall ProConnect\\backend-express\\modules\\order\\service\\impl\\order.serviceImpl.js": {"path":"C:\\Data\\Code\\MEAN\\E-Mall ProConnect\\backend-express\\modules\\order\\service\\impl\\order.serviceImpl.js","statementMap":{"0":{"start":{"line":1,"column":14},"end":{"line":1,"column":53}},"1":{"start":{"line":2,"column":21},"end":{"line":2,"column":48}},"2":{"start":{"line":6,"column":8},"end":{"line":11,"column":9}},"3":{"start":{"line":7,"column":26},"end":{"line":7,"column":55}},"4":{"start":{"line":8,"column":12},"end":{"line":8,"column":25}},"5":{"start":{"line":10,"column":12},"end":{"line":10,"column":55}},"6":{"start":{"line":15,"column":8},"end":{"line":20,"column":9}},"7":{"start":{"line":16,"column":27},"end":{"line":16,"column":45}},"8":{"start":{"line":17,"column":12},"end":{"line":17,"column":26}},"9":{"start":{"line":19,"column":12},"end":{"line":19,"column":59}},"10":{"start":{"line":24,"column":8},"end":{"line":32,"column":9}},"11":{"start":{"line":25,"column":26},"end":{"line":25,"column":55}},"12":{"start":{"line":26,"column":12},"end":{"line":28,"column":13}},"13":{"start":{"line":27,"column":16},"end":{"line":27,"column":52}},"14":{"start":{"line":29,"column":12},"end":{"line":29,"column":25}},"15":{"start":{"line":31,"column":12},"end":{"line":31,"column":52}},"16":{"start":{"line":36,"column":8},"end":{"line":44,"column":9}},"17":{"start":{"line":37,"column":26},"end":{"line":37,"column":93}},"18":{"start":{"line":38,"column":12},"end":{"line":40,"column":13}},"19":{"start":{"line":39,"column":16},"end":{"line":39,"column":52}},"20":{"start":{"line":41,"column":12},"end":{"line":41,"column":25}},"21":{"start":{"line":43,"column":12},"end":{"line":43,"column":55}},"22":{"start":{"line":48,"column":8},"end":{"line":56,"column":9}},"23":{"start":{"line":49,"column":26},"end":{"line":49,"column":64}},"24":{"start":{"line":50,"column":12},"end":{"line":52,"column":13}},"25":{"start":{"line":51,"column":16},"end":{"line":51,"column":52}},"26":{"start":{"line":53,"column":12},"end":{"line":53,"column":25}},"27":{"start":{"line":55,"column":12},"end":{"line":55,"column":55}},"28":{"start":{"line":60,"column":8},"end":{"line":65,"column":9}},"29":{"start":{"line":61,"column":27},"end":{"line":61,"column":55}},"30":{"start":{"line":62,"column":12},"end":{"line":62,"column":26}},"31":{"start":{"line":64,"column":12},"end":{"line":64,"column":63}},"32":{"start":{"line":69,"column":8},"end":{"line":77,"column":9}},"33":{"start":{"line":70,"column":34},"end":{"line":70,"column":72}},"34":{"start":{"line":71,"column":12},"end":{"line":73,"column":13}},"35":{"start":{"line":72,"column":16},"end":{"line":72,"column":52}},"36":{"start":{"line":74,"column":12},"end":{"line":74,"column":33}},"37":{"start":{"line":76,"column":12},"end":{"line":76,"column":55}},"38":{"start":{"line":81,"column":8},"end":{"line":89,"column":9}},"39":{"start":{"line":82,"column":35},"end":{"line":82,"column":75}},"40":{"start":{"line":83,"column":12},"end":{"line":85,"column":13}},"41":{"start":{"line":84,"column":16},"end":{"line":84,"column":52}},"42":{"start":{"line":86,"column":12},"end":{"line":86,"column":42}},"43":{"start":{"line":88,"column":12},"end":{"line":88,"column":67}},"44":{"start":{"line":93,"column":8},"end":{"line":107,"column":9}},"45":{"start":{"line":94,"column":26},"end":{"line":94,"column":55}},"46":{"start":{"line":95,"column":12},"end":{"line":97,"column":13}},"47":{"start":{"line":96,"column":16},"end":{"line":96,"column":52}},"48":{"start":{"line":100,"column":12},"end":{"line":100,"column":42}},"49":{"start":{"line":101,"column":12},"end":{"line":101,"column":55}},"50":{"start":{"line":102,"column":12},"end":{"line":102,"column":31}},"51":{"start":{"line":104,"column":12},"end":{"line":104,"column":66}},"52":{"start":{"line":106,"column":12},"end":{"line":106,"column":58}},"53":{"start":{"line":111,"column":8},"end":{"line":137,"column":9}},"54":{"start":{"line":112,"column":27},"end":{"line":112,"column":45}},"55":{"start":{"line":113,"column":32},"end":{"line":113,"column":45}},"56":{"start":{"line":114,"column":35},"end":{"line":114,"column":36}},"57":{"start":{"line":115,"column":37},"end":{"line":115,"column":38}},"58":{"start":{"line":116,"column":36},"end":{"line":116,"column":52}},"59":{"start":{"line":117,"column":12},"end":{"line":126,"column":15}},"60":{"start":{"line":118,"column":35},"end":{"line":118,"column":52}},"61":{"start":{"line":119,"column":16},"end":{"line":119,"column":47}},"62":{"start":{"line":120,"column":16},"end":{"line":122,"column":17}},"63":{"start":{"line":121,"column":20},"end":{"line":121,"column":52}},"64":{"start":{"line":123,"column":16},"end":{"line":125,"column":17}},"65":{"start":{"line":124,"column":20},"end":{"line":124,"column":51}},"66":{"start":{"line":127,"column":39},"end":{"line":127,"column":69}},"67":{"start":{"line":128,"column":35},"end":{"line":133,"column":13}},"68":{"start":{"line":134,"column":12},"end":{"line":134,"column":34}},"69":{"start":{"line":136,"column":12},"end":{"line":136,"column":67}},"70":{"start":{"line":141,"column":8},"end":{"line":157,"column":9}},"71":{"start":{"line":142,"column":26},"end":{"line":142,"column":55}},"72":{"start":{"line":143,"column":12},"end":{"line":145,"column":13}},"73":{"start":{"line":144,"column":16},"end":{"line":144,"column":52}},"74":{"start":{"line":148,"column":28},"end":{"line":153,"column":13}},"75":{"start":{"line":154,"column":12},"end":{"line":154,"column":27}},"76":{"start":{"line":156,"column":12},"end":{"line":156,"column":59}},"77":{"start":{"line":161,"column":8},"end":{"line":176,"column":9}},"78":{"start":{"line":162,"column":26},"end":{"line":162,"column":55}},"79":{"start":{"line":163,"column":12},"end":{"line":165,"column":13}},"80":{"start":{"line":164,"column":16},"end":{"line":164,"column":52}},"81":{"start":{"line":168,"column":36},"end":{"line":172,"column":13}},"82":{"start":{"line":173,"column":12},"end":{"line":173,"column":35}},"83":{"start":{"line":175,"column":12},"end":{"line":175,"column":57}},"84":{"start":{"line":180,"column":8},"end":{"line":199,"column":9}},"85":{"start":{"line":181,"column":27},"end":{"line":181,"column":45}},"86":{"start":{"line":182,"column":37},"end":{"line":195,"column":13}},"87":{"start":{"line":184,"column":39},"end":{"line":184,"column":56}},"88":{"start":{"line":185,"column":20},"end":{"line":185,"column":57}},"89":{"start":{"line":186,"column":20},"end":{"line":186,"column":94}},"90":{"start":{"line":187,"column":20},"end":{"line":187,"column":92}},"91":{"start":{"line":188,"column":20},"end":{"line":188,"column":37}},"92":{"start":{"line":196,"column":12},"end":{"line":196,"column":36}},"93":{"start":{"line":198,"column":12},"end":{"line":198,"column":69}},"94":{"start":{"line":203,"column":8},"end":{"line":212,"column":9}},"95":{"start":{"line":204,"column":26},"end":{"line":207,"column":14}},"96":{"start":{"line":208,"column":12},"end":{"line":208,"column":27}},"97":{"start":{"line":210,"column":12},"end":{"line":210,"column":58}},"98":{"start":{"line":211,"column":12},"end":{"line":211,"column":25}},"99":{"start":{"line":217,"column":0},"end":{"line":217,"column":34}}},"fnMap":{"0":{"name":"(anonymous_0)","decl":{"start":{"line":5,"column":4},"end":{"line":5,"column":5}},"loc":{"start":{"line":5,"column":33},"end":{"line":12,"column":5}},"line":5},"1":{"name":"(anonymous_1)","decl":{"start":{"line":14,"column":4},"end":{"line":14,"column":5}},"loc":{"start":{"line":14,"column":25},"end":{"line":21,"column":5}},"line":14},"2":{"name":"(anonymous_2)","decl":{"start":{"line":23,"column":4},"end":{"line":23,"column":5}},"loc":{"start":{"line":23,"column":28},"end":{"line":33,"column":5}},"line":23},"3":{"name":"(anonymous_3)","decl":{"start":{"line":35,"column":4},"end":{"line":35,"column":5}},"loc":{"start":{"line":35,"column":45},"end":{"line":45,"column":5}},"line":35},"4":{"name":"(anonymous_4)","decl":{"start":{"line":47,"column":4},"end":{"line":47,"column":5}},"loc":{"start":{"line":47,"column":31},"end":{"line":57,"column":5}},"line":47},"5":{"name":"(anonymous_5)","decl":{"start":{"line":59,"column":4},"end":{"line":59,"column":5}},"loc":{"start":{"line":59,"column":32},"end":{"line":66,"column":5}},"line":59},"6":{"name":"(anonymous_6)","decl":{"start":{"line":68,"column":4},"end":{"line":68,"column":5}},"loc":{"start":{"line":68,"column":31},"end":{"line":78,"column":5}},"line":68},"7":{"name":"(anonymous_7)","decl":{"start":{"line":80,"column":4},"end":{"line":80,"column":5}},"loc":{"start":{"line":80,"column":42},"end":{"line":90,"column":5}},"line":80},"8":{"name":"(anonymous_8)","decl":{"start":{"line":92,"column":4},"end":{"line":92,"column":5}},"loc":{"start":{"line":92,"column":34},"end":{"line":108,"column":5}},"line":92},"9":{"name":"(anonymous_9)","decl":{"start":{"line":110,"column":4},"end":{"line":110,"column":5}},"loc":{"start":{"line":110,"column":30},"end":{"line":138,"column":5}},"line":110},"10":{"name":"(anonymous_10)","decl":{"start":{"line":117,"column":27},"end":{"line":117,"column":28}},"loc":{"start":{"line":117,"column":36},"end":{"line":126,"column":13}},"line":117},"11":{"name":"(anonymous_11)","decl":{"start":{"line":140,"column":4},"end":{"line":140,"column":5}},"loc":{"start":{"line":140,"column":35},"end":{"line":158,"column":5}},"line":140},"12":{"name":"(anonymous_12)","decl":{"start":{"line":160,"column":4},"end":{"line":160,"column":5}},"loc":{"start":{"line":160,"column":33},"end":{"line":177,"column":5}},"line":160},"13":{"name":"(anonymous_13)","decl":{"start":{"line":179,"column":4},"end":{"line":179,"column":5}},"loc":{"start":{"line":179,"column":32},"end":{"line":200,"column":5}},"line":179},"14":{"name":"(anonymous_14)","decl":{"start":{"line":183,"column":16},"end":{"line":183,"column":17}},"loc":{"start":{"line":183,"column":38},"end":{"line":189,"column":17}},"line":183},"15":{"name":"(anonymous_15)","decl":{"start":{"line":202,"column":4},"end":{"line":202,"column":5}},"loc":{"start":{"line":202,"column":47},"end":{"line":213,"column":5}},"line":202}},"branchMap":{"0":{"loc":{"start":{"line":26,"column":12},"end":{"line":28,"column":13}},"type":"if","locations":[{"start":{"line":26,"column":12},"end":{"line":28,"column":13}},{"start":{},"end":{}}],"line":26},"1":{"loc":{"start":{"line":38,"column":12},"end":{"line":40,"column":13}},"type":"if","locations":[{"start":{"line":38,"column":12},"end":{"line":40,"column":13}},{"start":{},"end":{}}],"line":38},"2":{"loc":{"start":{"line":50,"column":12},"end":{"line":52,"column":13}},"type":"if","locations":[{"start":{"line":50,"column":12},"end":{"line":52,"column":13}},{"start":{},"end":{}}],"line":50},"3":{"loc":{"start":{"line":71,"column":12},"end":{"line":73,"column":13}},"type":"if","locations":[{"start":{"line":71,"column":12},"end":{"line":73,"column":13}},{"start":{},"end":{}}],"line":71},"4":{"loc":{"start":{"line":83,"column":12},"end":{"line":85,"column":13}},"type":"if","locations":[{"start":{"line":83,"column":12},"end":{"line":85,"column":13}},{"start":{},"end":{}}],"line":83},"5":{"loc":{"start":{"line":95,"column":12},"end":{"line":97,"column":13}},"type":"if","locations":[{"start":{"line":95,"column":12},"end":{"line":97,"column":13}},{"start":{},"end":{}}],"line":95},"6":{"loc":{"start":{"line":120,"column":16},"end":{"line":122,"column":17}},"type":"if","locations":[{"start":{"line":120,"column":16},"end":{"line":122,"column":17}},{"start":{},"end":{}}],"line":120},"7":{"loc":{"start":{"line":123,"column":16},"end":{"line":125,"column":17}},"type":"if","locations":[{"start":{"line":123,"column":16},"end":{"line":125,"column":17}},{"start":{},"end":{}}],"line":123},"8":{"loc":{"start":{"line":143,"column":12},"end":{"line":145,"column":13}},"type":"if","locations":[{"start":{"line":143,"column":12},"end":{"line":145,"column":13}},{"start":{},"end":{}}],"line":143},"9":{"loc":{"start":{"line":163,"column":12},"end":{"line":165,"column":13}},"type":"if","locations":[{"start":{"line":163,"column":12},"end":{"line":165,"column":13}},{"start":{},"end":{}}],"line":163}},"s":{"0":2,"1":2,"2":2,"3":2,"4":1,"5":1,"6":0,"7":0,"8":0,"9":0,"10":2,"11":2,"12":2,"13":1,"14":1,"15":1,"16":3,"17":3,"18":2,"19":1,"20":1,"21":2,"22":3,"23":3,"24":2,"25":1,"26":1,"27":2,"28":2,"29":2,"30":1,"31":1,"32":2,"33":2,"34":1,"35":0,"36":1,"37":1,"38":2,"39":2,"40":1,"41":0,"42":1,"43":1,"44":1,"45":1,"46":1,"47":0,"48":1,"49":0,"50":0,"51":0,"52":1,"53":2,"54":2,"55":1,"56":1,"57":1,"58":1,"59":1,"60":3,"61":3,"62":3,"63":2,"64":3,"65":2,"66":1,"67":1,"68":1,"69":1,"70":2,"71":2,"72":1,"73":0,"74":1,"75":1,"76":1,"77":2,"78":2,"79":1,"80":0,"81":1,"82":1,"83":1,"84":2,"85":2,"86":1,"87":3,"88":3,"89":3,"90":3,"91":3,"92":1,"93":1,"94":0,"95":0,"96":0,"97":0,"98":0,"99":2},"f":{"0":2,"1":0,"2":2,"3":3,"4":3,"5":2,"6":2,"7":2,"8":1,"9":2,"10":3,"11":2,"12":2,"13":2,"14":3,"15":0},"b":{"0":[1,1],"1":[1,1],"2":[1,1],"3":[0,1],"4":[0,1],"5":[0,1],"6":[2,1],"7":[2,1],"8":[0,1],"9":[0,1]},"_coverageSchema":"1a1c01bbd47fc00a2c39e90264f33305004495a9","hash":"ae93c3de16c28c82e33a09e01debb7c172141f2c"}
,"C:\\Data\\Code\\MEAN\\E-Mall ProConnect\\backend-express\\modules\\product\\controller\\product.controller.js": {"path":"C:\\Data\\Code\\MEAN\\E-Mall ProConnect\\backend-express\\modules\\product\\controller\\product.controller.js","statementMap":{"0":{"start":{"line":1,"column":27},"end":{"line":1,"column":73}},"1":{"start":{"line":3,"column":23},"end":{"line":3,"column":47}},"2":{"start":{"line":7,"column":8},"end":{"line":12,"column":9}},"3":{"start":{"line":8,"column":31},"end":{"line":8,"column":75}},"4":{"start":{"line":9,"column":12},"end":{"line":9,"column":45}},"5":{"start":{"line":11,"column":12},"end":{"line":11,"column":73}},"6":{"start":{"line":16,"column":8},"end":{"line":21,"column":9}},"7":{"start":{"line":17,"column":28},"end":{"line":17,"column":74}},"8":{"start":{"line":18,"column":12},"end":{"line":18,"column":30}},"9":{"start":{"line":20,"column":12},"end":{"line":20,"column":66}},"10":{"start":{"line":25,"column":8},"end":{"line":30,"column":9}},"11":{"start":{"line":26,"column":35},"end":{"line":26,"column":94}},"12":{"start":{"line":27,"column":12},"end":{"line":27,"column":37}},"13":{"start":{"line":29,"column":12},"end":{"line":29,"column":66}},"14":{"start":{"line":34,"column":8},"end":{"line":39,"column":9}},"15":{"start":{"line":35,"column":35},"end":{"line":35,"column":84}},"16":{"start":{"line":36,"column":12},"end":{"line":36,"column":37}},"17":{"start":{"line":38,"column":12},"end":{"line":38,"column":66}},"18":{"start":{"line":43,"column":8},"end":{"line":48,"column":9}},"19":{"start":{"line":44,"column":29},"end":{"line":44,"column":66}},"20":{"start":{"line":45,"column":12},"end":{"line":45,"column":31}},"21":{"start":{"line":47,"column":12},"end":{"line":47,"column":76}},"22":{"start":{"line":52,"column":8},"end":{"line":58,"column":9}},"23":{"start":{"line":53,"column":26},"end":{"line":53,"column":52}},"24":{"start":{"line":54,"column":37},"end":{"line":54,"column":84}},"25":{"start":{"line":55,"column":12},"end":{"line":55,"column":39}},"26":{"start":{"line":57,"column":12},"end":{"line":57,"column":86}},"27":{"start":{"line":62,"column":8},"end":{"line":68,"column":9}},"28":{"start":{"line":63,"column":42},"end":{"line":63,"column":51}},"29":{"start":{"line":64,"column":34},"end":{"line":64,"column":87}},"30":{"start":{"line":65,"column":12},"end":{"line":65,"column":36}},"31":{"start":{"line":67,"column":12},"end":{"line":67,"column":74}},"32":{"start":{"line":72,"column":8},"end":{"line":79,"column":9}},"33":{"start":{"line":73,"column":27},"end":{"line":73,"column":44}},"34":{"start":{"line":74,"column":39},"end":{"line":74,"column":78}},"35":{"start":{"line":75,"column":27},"end":{"line":75,"column":89}},"36":{"start":{"line":76,"column":12},"end":{"line":76,"column":29}},"37":{"start":{"line":78,"column":12},"end":{"line":78,"column":73}},"38":{"start":{"line":83,"column":8},"end":{"line":90,"column":9}},"39":{"start":{"line":84,"column":27},"end":{"line":84,"column":44}},"40":{"start":{"line":85,"column":47},"end":{"line":85,"column":55}},"41":{"start":{"line":86,"column":27},"end":{"line":86,"column":92}},"42":{"start":{"line":87,"column":12},"end":{"line":87,"column":29}},"43":{"start":{"line":89,"column":12},"end":{"line":89,"column":72}},"44":{"start":{"line":94,"column":8},"end":{"line":103,"column":9}},"45":{"start":{"line":95,"column":27},"end":{"line":95,"column":44}},"46":{"start":{"line":96,"column":30},"end":{"line":96,"column":48}},"47":{"start":{"line":97,"column":29},"end":{"line":97,"column":58}},"48":{"start":{"line":98,"column":26},"end":{"line":98,"column":52}},"49":{"start":{"line":99,"column":27},"end":{"line":99,"column":93}},"50":{"start":{"line":100,"column":12},"end":{"line":100,"column":29}},"51":{"start":{"line":102,"column":12},"end":{"line":102,"column":70}},"52":{"start":{"line":107,"column":8},"end":{"line":113,"column":9}},"53":{"start":{"line":108,"column":27},"end":{"line":108,"column":44}},"54":{"start":{"line":109,"column":25},"end":{"line":109,"column":62}},"55":{"start":{"line":110,"column":12},"end":{"line":110,"column":27}},"56":{"start":{"line":112,"column":12},"end":{"line":112,"column":68}},"57":{"start":{"line":117,"column":8},"end":{"line":125,"column":9}},"58":{"start":{"line":118,"column":27},"end":{"line":118,"column":44}},"59":{"start":{"line":119,"column":27},"end":{"line":119,"column":44}},"60":{"start":{"line":120,"column":29},"end":{"line":120,"column":56}},"61":{"start":{"line":121,"column":27},"end":{"line":121,"column":88}},"62":{"start":{"line":122,"column":12},"end":{"line":122,"column":29}},"63":{"start":{"line":124,"column":12},"end":{"line":124,"column":75}},"64":{"start":{"line":129,"column":8},"end":{"line":136,"column":9}},"65":{"start":{"line":130,"column":27},"end":{"line":130,"column":44}},"66":{"start":{"line":131,"column":27},"end":{"line":131,"column":44}},"67":{"start":{"line":132,"column":27},"end":{"line":132,"column":78}},"68":{"start":{"line":133,"column":12},"end":{"line":133,"column":29}},"69":{"start":{"line":135,"column":12},"end":{"line":135,"column":75}},"70":{"start":{"line":142,"column":0},"end":{"line":142,"column":35}}},"fnMap":{"0":{"name":"(anonymous_0)","decl":{"start":{"line":6,"column":4},"end":{"line":6,"column":5}},"loc":{"start":{"line":6,"column":34},"end":{"line":13,"column":5}},"line":6},"1":{"name":"(anonymous_1)","decl":{"start":{"line":15,"column":4},"end":{"line":15,"column":5}},"loc":{"start":{"line":15,"column":31},"end":{"line":22,"column":5}},"line":15},"2":{"name":"(anonymous_2)","decl":{"start":{"line":24,"column":4},"end":{"line":24,"column":5}},"loc":{"start":{"line":24,"column":34},"end":{"line":31,"column":5}},"line":24},"3":{"name":"(anonymous_3)","decl":{"start":{"line":33,"column":4},"end":{"line":33,"column":5}},"loc":{"start":{"line":33,"column":34},"end":{"line":40,"column":5}},"line":33},"4":{"name":"(anonymous_4)","decl":{"start":{"line":42,"column":4},"end":{"line":42,"column":5}},"loc":{"start":{"line":42,"column":35},"end":{"line":49,"column":5}},"line":42},"5":{"name":"(anonymous_5)","decl":{"start":{"line":51,"column":4},"end":{"line":51,"column":5}},"loc":{"start":{"line":51,"column":40},"end":{"line":59,"column":5}},"line":51},"6":{"name":"(anonymous_6)","decl":{"start":{"line":61,"column":4},"end":{"line":61,"column":5}},"loc":{"start":{"line":61,"column":34},"end":{"line":69,"column":5}},"line":61},"7":{"name":"(anonymous_7)","decl":{"start":{"line":71,"column":4},"end":{"line":71,"column":5}},"loc":{"start":{"line":71,"column":34},"end":{"line":80,"column":5}},"line":71},"8":{"name":"(anonymous_8)","decl":{"start":{"line":82,"column":4},"end":{"line":82,"column":5}},"loc":{"start":{"line":82,"column":33},"end":{"line":91,"column":5}},"line":82},"9":{"name":"(anonymous_9)","decl":{"start":{"line":93,"column":4},"end":{"line":93,"column":5}},"loc":{"start":{"line":93,"column":30},"end":{"line":104,"column":5}},"line":93},"10":{"name":"(anonymous_10)","decl":{"start":{"line":106,"column":4},"end":{"line":106,"column":5}},"loc":{"start":{"line":106,"column":29},"end":{"line":114,"column":5}},"line":106},"11":{"name":"(anonymous_11)","decl":{"start":{"line":116,"column":4},"end":{"line":116,"column":5}},"loc":{"start":{"line":116,"column":35},"end":{"line":126,"column":5}},"line":116},"12":{"name":"(anonymous_12)","decl":{"start":{"line":128,"column":4},"end":{"line":128,"column":5}},"loc":{"start":{"line":128,"column":35},"end":{"line":137,"column":5}},"line":128}},"branchMap":{},"s":{"0":1,"1":1,"2":1,"3":1,"4":1,"5":0,"6":3,"7":3,"8":1,"9":2,"10":4,"11":4,"12":2,"13":2,"14":4,"15":4,"16":2,"17":2,"18":2,"19":2,"20":1,"21":1,"22":2,"23":2,"24":2,"25":1,"26":1,"27":2,"28":2,"29":2,"30":1,"31":1,"32":2,"33":2,"34":2,"35":2,"36":1,"37":1,"38":0,"39":0,"40":0,"41":0,"42":0,"43":0,"44":0,"45":0,"46":0,"47":0,"48":0,"49":0,"50":0,"51":0,"52":2,"53":2,"54":2,"55":1,"56":1,"57":2,"58":2,"59":2,"60":2,"61":2,"62":1,"63":1,"64":2,"65":2,"66":2,"67":2,"68":1,"69":1,"70":1},"f":{"0":1,"1":3,"2":4,"3":4,"4":2,"5":2,"6":2,"7":2,"8":0,"9":0,"10":2,"11":2,"12":2},"b":{},"_coverageSchema":"1a1c01bbd47fc00a2c39e90264f33305004495a9","hash":"05d7f0904cbfe70b35fcc26252d9b7ce404de90e"}
[...]
lumn":84}},"45":{"start":{"line":93,"column":27},"end":{"line":93,"column":84}},"46":{"start":{"line":94,"column":12},"end":{"line":94,"column":29}},"47":{"start":{"line":96,"column":12},"end":{"line":96,"column":79}},"48":{"start":{"line":101,"column":36},"end":{"line":101,"column":44}},"49":{"start":{"line":102,"column":8},"end":{"line":107,"column":9}},"50":{"start":{"line":103,"column":27},"end":{"line":103,"column":71}},"51":{"start":{"line":104,"column":12},"end":{"line":104,"column":41}},"52":{"start":{"line":106,"column":12},"end":{"line":106,"column":63}},"53":{"start":{"line":111,"column":0},"end":{"line":111,"column":32}}},"fnMap":{"0":{"name":"(anonymous_0)","decl":{"start":{"line":6,"column":4},"end":{"line":6,"column":5}},"loc":{"start":{"line":6,"column":31},"end":{"line":27,"column":5}},"line":6},"1":{"name":"(anonymous_1)","decl":{"start":{"line":29,"column":4},"end":{"line":29,"column":5}},"loc":{"start":{"line":29,"column":35},"end":{"line":36,"column":5}},"line":29},"2":{"name":"(anonymous_2)","decl":{"start":{"line":38,"column":4},"end":{"line":38,"column":5}},"loc":{"start":{"line":38,"column":38},"end":{"line":45,"column":5}},"line":38},"3":{"name":"(anonymous_3)","decl":{"start":{"line":47,"column":4},"end":{"line":47,"column":5}},"loc":{"start":{"line":47,"column":31},"end":{"line":54,"column":5}},"line":47},"4":{"name":"(anonymous_4)","decl":{"start":{"line":56,"column":4},"end":{"line":56,"column":5}},"loc":{"start":{"line":56,"column":35},"end":{"line":64,"column":5}},"line":56},"5":{"name":"(anonymous_5)","decl":{"start":{"line":66,"column":4},"end":{"line":66,"column":5}},"loc":{"start":{"line":66,"column":36},"end":{"line":74,"column":5}},"line":66},"6":{"name":"(anonymous_6)","decl":{"start":{"line":76,"column":4},"end":{"line":76,"column":5}},"loc":{"start":{"line":76,"column":37},"end":{"line":84,"column":5}},"line":76},"7":{"name":"(anonymous_7)","decl":{"start":{"line":86,"column":4},"end":{"line":86,"column":5}},"loc":{"start":{"line":86,"column":39},"end":{"line":98,"column":5}},"line":86},"8":{"name":"(anonymous_8)","decl":{"start":{"line":100,"column":4},"end":{"line":100,"column":5}},"loc":{"start":{"line":100,"column":30},"end":{"line":108,"column":5}},"line":100}},"branchMap":{"0":{"loc":{"start":{"line":9,"column":12},"end":{"line":11,"column":13}},"type":"if","locations":[{"start":{"line":9,"column":12},"end":{"line":11,"column":13}},{"start":{},"end":{}}],"line":9},"1":{"loc":{"start":{"line":9,"column":16},"end":{"line":9,"column":60}},"type":"binary-expr","locations":[{"start":{"line":9,"column":16},"end":{"line":9,"column":25}},{"start":{"line":9,"column":29},"end":{"line":9,"column":35}},{"start":{"line":9,"column":39},"end":{"line":9,"column":48}},{"start":{"line":9,"column":52},"end":{"line":9,"column":60}}],"line":9},"2":{"loc":{"start":{"line":90,"column":12},"end":{"line":92,"column":13}},"type":"if","locations":[{"start":{"line":90,"column":12},"end":{"line":92,"column":13}},{"start":{},"end":{}}],"line":90}},"s":{"0":1,"1":1,"2":2,"3":2,"4":2,"5":1,"6":1,"7":1,"8":1,"9":0,"10":0,"11":0,"12":0,"13":2,"14":2,"15":1,"16":1,"17":2,"18":2,"19":1,"20":1,"21":2,"22":2,"23":1,"24":1,"25":2,"26":2,"27":2,"28":1,"29":1,"30":2,"31":2,"32":2,"33":1,"34":1,"35":2,"36":2,"37":2,"38":1,"39":1,"40":2,"41":2,"42":2,"43":2,"44":1,"45":1,"46":0,"47":1,"48":0,"49":0,"50":0,"51":0,"52":0,"53":1},"f":{"0":2,"1":2,"2":2,"3":2,"4":2,"5":2,"6":2,"7":2,"8":0},"b":{"0":[1,1],"1":[2,1,1,1],"2":[1,1]},"_coverageSchema":"1a1c01bbd47fc00a2c39e90264f33305004495a9","hash":"d0f70fdc8126b4c76f8530a678b873854776e9a2"}
,"C:\\Data\\Code\\MEAN\\E-Mall ProConnect\\backend-express\\modules\\user\\dao\\models\\user.model.js": {"path":"C:\\Data\\Code\\MEAN\\E-Mall ProConnect\\backend-express\\modules\\user\\dao\\models\\user.model.js","statementMap":{"0":{"start":{"line":1,"column":15},"end":{"line":1,"column":34}},"1":{"start":{"line":3,"column":17},"end":{"line":3,"column":50}},"2":{"start":{"line":4,"column":0},"end":{"line":4,"column":52}}},"fnMap":{},"branchMap":{},"s":{"0":5,"1":5,"2":5},"f":{},"b":{},"_coverageSchema":"1a1c01bbd47fc00a2c39e90264f33305004495a9","hash":"b3dd70a8965eda9b5397d25943ed4fd53d4d562b"}
,"C:\\Data\\Code\\MEAN\\E-Mall ProConnect\\backend-express\\modules\\user\\dao\\schemas\\user.schema.js": {"path":"C:\\Data\\Code\\MEAN\\E-Mall ProConnect\\backend-express\\modules\\user\\dao\\schemas\\user.schema.js","statementMap":{"0":{"start":{"line":1,"column":15},"end":{"line":1,"column":32}},"1":{"start":{"line":2,"column":17},"end":{"line":2,"column":36}},"2":{"start":{"line":4,"column":19},"end":{"line":20,"column":2}},"3":{"start":{"line":22,"column":0},"end":{"line":31,"column":3}},"4":{"start":{"line":23,"column":4},"end":{"line":23,"column":52}},"5":{"start":{"line":23,"column":38},"end":{"line":23,"column":52}},"6":{"start":{"line":24,"column":4},"end":{"line":30,"column":5}},"7":{"start":{"line":25,"column":21},"end":{"line":25,"column":45}},"8":{"start":{"line":26,"column":8},"end":{"line":26,"column":63}},"9":{"start":{"line":27,"column":8},"end":{"line":27,"column":15}},"10":{"start":{"line":29,"column":8},"end":{"line":29,"column":27}},"11":{"start":{"line":33,"column":0},"end":{"line":41,"column":2}},"12":{"start":{"line":34,"column":4},"end":{"line":40,"column":5}},"13":{"start":{"line":35,"column":41},"end":{"line":35,"column":65}},"14":{"start":{"line":36,"column":24},"end":{"line":36,"column":85}},"15":{"start":{"line":37,"column":8},"end":{"line":37,"column":23}},"16":{"start":{"line":39,"column":8},"end":{"line":39,"column":21}},"17":{"start":{"line":43,"column":0},"end":{"line":43,"column":28}}},"fnMap":{"0":{"name":"(anonymous_0)","decl":{"start":{"line":22,"column":23},"end":{"line":22,"column":24}},"loc":{"start":{"line":22,"column":45},"end":{"line":31,"column":1}},"line":22},"1":{"name":"(anonymous_1)","decl":{"start":{"line":33,"column":37},"end":{"line":33,"column":38}},"loc":{"start":{"line":33,"column":72},"end":{"line":41,"column":1}},"line":33}},"branchMap":{"0":{"loc":{"start":{"line":23,"column":4},"end":{"line":23,"column":52}},"type":"if","locations":[{"start":{"line":23,"column":4},"end":{"line":23,"column":52}},{"start":{},"end":{}}],"line":23}},"s":{"0":5,"1":5,"2":5,"3":5,"4":0,"5":0,"6":0,"7":0,"8":0,"9":0,"10":0,"11":5,"12":0,"13":0,"14":0,"15":0,"16":0,"17":5},"f":{"0":0,"1":0},"b":{"0":[0,0]},"_coverageSchema":"1a1c01bbd47fc00a2c39e90264f33305004495a9","hash":"e07528baed35edae8d83c73174e5d127488cb7b4"}
,"C:\\Data\\Code\\MEAN\\E-Mall ProConnect\\backend-express\\modules\\user\\routes\\user.routes.js": {"path":"C:\\Data\\Code\\MEAN\\E-Mall ProConnect\\backend-express\\modules\\user\\routes\\user.routes.js","statementMap":{"0":{"start":{"line":1,"column":16},"end":{"line":1,"column":34}},"1":{"start":{"line":2,"column":15},"end":{"line":2,"column":31}},"2":{"start":{"line":4,"column":23},"end":{"line":4,"column":63}},"3":{"start":{"line":5,"column":24},"end":{"line":5,"column":71}},"4":{"start":{"line":6,"column":23},"end":{"line":6,"column":69}},"5":{"start":{"line":7,"column":23},"end":{"line":7,"column":43}},"6":{"start":{"line":9,"column":0},"end":{"line":9,"column":48}},"7":{"start":{"line":10,"column":0},"end":{"line":10,"column":83}},"8":{"start":{"line":11,"column":0},"end":{"line":11,"column":66}},"9":{"start":{"line":12,"column":0},"end":{"line":12,"column":69}},"10":{"start":{"line":13,"column":0},"end":{"line":13,"column":82}},"11":{"start":{"line":14,"column":0},"end":{"line":14,"column":76}},"12":{"start":{"line":15,"column":0},"end":{"line":15,"column":78}},"13":{"start":{"line":16,"column":0},"end":{"line":16,"column":86}},"14":{"start":{"line":17,"column":0},"end":{"line":17,"column":75}},"15":{"start":{"line":19,"column":0},"end":{"line":19,"column":24}}},"fnMap":{},"branchMap":{},"s":{"0":1,"1":1,"2":1,"3":1,"4":1,"5":1,"6":1,"7":1,"8":1,"9":1,"10":1,"11":1,"12":1,"13":1,"14":1,"15":1},"f":{},"b":{},"_coverageSchema":"1a1c01bbd47fc00a2c39e90264f33305004495a9","hash":"e99be8d41abee225239c21998b76d09223926b53"}
,"C:\\Data\\Code\\MEAN\\E-Mall ProConnect\\backend-express\\modules\\user\\service\\user.service.js": {"path":"C:\\Data\\Code\\MEAN\\E-Mall ProConnect\\backend-express\\modules\\user\\service\\user.service.js","statementMap":{"0":{"start":{"line":13,"column":0},"end":{"line":13,"column":29}}},"fnMap":{"0":{"name":"(anonymous_0)","decl":{"start":{"line":2,"column":4},"end":{"line":2,"column":5}},"loc":{"start":{"line":2,"column":31},"end":{"line":2,"column":34}},"line":2},"1":{"name":"(anonymous_1)","decl":{"start":{"line":3,"column":4},"end":{"line":3,"column":5}},"loc":{"start":{"line":3,"column":33},"end":{"line":3,"column":36}},"line":3},"2":{"name":"(anonymous_2)","decl":{"start":{"line":4,"column":4},"end":{"line":4,"column":5}},"loc":{"start":{"line":4,"column":52},"end":{"line":4,"column":55}},"line":4},"3":{"name":"(anonymous_3)","decl":{"start":{"line":5,"column":4},"end":{"line":5,"column":5}},"loc":{"start":{"line":5,"column":29},"end":{"line":5,"column":32}},"line":5},"4":{"name":"(anonymous_4)","decl":{"start":{"line":6,"column":4},"end":{"line":6,"column":5}},"loc":{"start":{"line":6,"column":32},"end":{"line":6,"column":35}},"line":6},"5":{"name":"(anonymous_5)","decl":{"start":{"line":7,"column":4},"end":{"line":7,"column":5}},"loc":{"start":{"line":7,"column":34},"end":{"line":7,"column":37}},"line":7},"6":{"name":"(anonymous_6)","decl":{"start":{"line":8,"column":4},"end":{"line":8,"column":5}},"loc":{"start":{"line":8,"column":35},"end":{"line":8,"column":38}},"line":8},"7":{"name":"(anonymous_7)","decl":{"start":{"line":9,"column":4},"end":{"line":9,"column":5}},"loc":{"start":{"line":9,"column":50},"end":{"line":9,"column":53}},"line":9},"8":{"name":"(anonymous_8)","decl":{"start":{"line":10,"column":4},"end":{"line":10,"column":5}},"loc":{"start":{"line":10,"column":37},"end":{"line":10,"column":40}},"line":10}},"branchMap":{},"s":{"0":2},"f":{"0":0,"1":0,"2":0,"3":0,"4":0,"5":0,"6":0,"7":0,"8":0},"b":{},"_coverageSchema":"1a1c01bbd47fc00a2c39e90264f33305004495a9","hash":"0598a3f82c06767ddcffeffa6ce2ae2c35742a48"}
,"C:\\Data\\Code\\MEAN\\E-Mall ProConnect\\backend-express\\modules\\user\\service\\impl\\user.serviceImpl.js": {"path":"C:\\Data\\Code\\MEAN\\E-Mall ProConnect\\backend-express\\modules\\user\\service\\impl\\user.serviceImpl.js","statementMap":{"0":{"start":{"line":1,"column":12},"end":{"line":1,"column":35}},"1":{"start":{"line":2,"column":15},"end":{"line":2,"column":32}},"2":{"start":{"line":3,"column":20},"end":{"line":3,"column":46}},"3":{"start":{"line":4,"column":13},"end":{"line":4,"column":51}},"4":{"start":{"line":8,"column":8},"end":{"line":13,"column":9}},"5":{"start":{"line":9,"column":28},"end":{"line":9,"column":55}},"6":{"start":{"line":10,"column":12},"end":{"line":10,"column":27}},"7":{"start":{"line":12,"column":12},"end":{"line":12,"column":78}},"8":{"start":{"line":17,"column":8},"end":{"line":25,"column":9}},"9":{"start":{"line":18,"column":32},"end":{"line":18,"column":59}},"10":{"start":{"line":19,"column":12},"end":{"line":21,"column":13}},"11":{"start":{"line":20,"column":16},"end":{"line":20,"column":51}},"12":{"start":{"line":22,"column":12},"end":{"line":22,"column":31}},"13":{"start":{"line":24,"column":12},"end":{"line":24,"column":59}},"14":{"start":{"line":29,"column":8},"end":{"line":38,"column":9}},"15":{"start":{"line":30,"column":32},"end":{"line":30,"column":99}},"16":{"start":{"line":31,"column":12},"end":{"line":33,"column":13}},"17":{"start":{"line":32,"column":16},"end":{"line":32,"column":51}},"18":{"start":{"line":35,"column":12},"end":{"line":35,"column":31}},"19":{"start":{"line":37,"column":12},"end":{"line":37,"column":62}},"20":{"start":{"line":42,"column":8},"end":{"line":50,"column":9}},"21":{"start":{"line":43,"column":32},"end":{"line":43,"column":68}},"22":{"start":{"line":44,"column":12},"end":{"line":46,"column":13}},"23":{"start":{"line":45,"column":16},"end":{"line":45,"column":58}},"24":{"start":{"line":47,"column":12},"end":{"line":47,"column":31}},"25":{"start":{"line":49,"column":12},"end":{"line":49,"column":54}},"26":{"start":{"line":54,"column":8},"end":{"line":62,"column":9}},"27":{"start":{"line":55,"column":25},"end":{"line":55,"column":54}},"28":{"start":{"line":56,"column":12},"end":{"line":58,"column":13}},"29":{"start":{"line":57,"column":16},"end":{"line":57,"column":51}},"30":{"start":{"line":59,"column":12},"end":{"line":59,"column":24}},"31":{"start":{"line":61,"column":12},"end":{"line":61,"column":47}},"32":{"start":{"line":66,"column":8},"end":{"line":74,"column":9}},"33":{"start":{"line":67,"column":25},"end":{"line":67,"column":52}},"34":{"start":{"line":68,"column":12},"end":{"line":70,"column":13}},"35":{"start":{"line":69,"column":16},"end":{"line":69,"column":51}},"36":{"start":{"line":71,"column":12},"end":{"line":71,"column":36}},"37":{"start":{"line":73,"column":12},"end":{"line":73,"column":60}},"38":{"start":{"line":78,"column":8},"end":{"line":86,"column":9}},"39":{"start":{"line":79,"column":25},"end":{"line":79,"column":74}},"40":{"start":{"line":80,"column":12},"end":{"line":82,"column":13}},"41":{"start":{"line":81,"column":16},"end":{"line":81,"column":51}},"42":{"start":{"line":83,"column":12},"end":{"line":83,"column":34}},"43":{"start":{"line":85,"column":12},"end":{"line":85,"column":61}},"44":{"start":{"line":90,"column":8},"end":{"line":101,"column":9}},"45":{"start":{"line":91,"column":25},"end":{"line":91,"column":52}},"46":{"start":{"line":92,"column":12},"end":{"line":94,"column":13}},"47":{"start":{"line":93,"column":16},"end":{"line":93,"column":51}},"48":{"start":{"line":95,"column":12},"end":{"line":95,"column":40}},"49":{"start":{"line":96,"column":12},"end":{"line":96,"column":30}},"50":{"start":{"line":97,"column":12},"end":{"line":97,"column":67}},"51":{"start":{"line":98,"column":12},"end":{"line":98,"column":65}},"52":{"start":{"line":100,"column":12},"end":{"line":100,"column":63}},"53":{"start":{"line":105,"column":8},"end":{"line":114,"column":9}},"54":{"start":{"line":106,"column":25},"end":{"line":106,"column":52}},"55":{"start":{"line":107,"column":12},"end":{"line":109,"column":13}},"56":{"start":{"line":108,"column":16},"end":{"line":108,"column":51}},"57":{"start":{"line":110,"column":12},"end":{"line":110,"column":46}},"58":{"start":{"line":111,"column":12},"end":{"line":111,"column":30}},"59":{"start":{"line":113,"column":12},"end":{"line":113,"column":60}},"60":{"start":{"line":118,"column":8},"end":{"line":133,"column":9}},"61":{"start":{"line":119,"column":25},"end":{"line":119,"column":54}},"62":{"start":{"line":120,"column":12},"end":{"line":122,"column":13}},"63":{"start":{"line":121,"column":16},"end":{"line":121,"column":51}},"64":{"start":{"line":123,"column":28},"end":{"line":123,"column":64}},"65":{"start":{"line":124,"column":12},"end":{"line":126,"column":13}},"66":{"start":{"line":125,"column":16},"end":{"line":125,"column":53}},"67":{"start":{"line":127,"column":26},"end":{"line":127,"column":90}},"68":{"start":{"line":128,"column":12},"end":{"line":128,"column":31}},"69":{"start":{"line":129,"column":12},"end":{"line":129,"column":30}},"70":{"start":{"line":130,"column":12},"end":{"line":130,"column":59}},"71":{"start":{"line":132,"column":12},"end":{"line":132,"column":45}},"72":{"start":{"line":137,"column":0},"end":{"line":137,"column":33}}},"fnMap":{"0":{"name":"(anonymous_0)","decl":{"start":{"line":7,"column":4},"end":{"line":7,"column":5}},"loc":{"start":{"line":7,"column":31},"end":{"line":14,"column":5}},"line":7},"1":{"name":"(anonymous_1)","decl":{"start":{"line":16,"column":4},"end":{"line":16,"column":5}},"loc":{"start":{"line":16,"column":33},"end":{"line":26,"column":5}},"line":16},"2":{"name":"(anonymous_2)","decl":{"start":{"line":28,"column":4},"end":{"line":28,"column":5}},"loc":{"start":{"line":28,"column":52},"end":{"line":39,"column":5}},"line":28},"3":{"name":"(anonymous_3)","decl":{"start":{"line":41,"column":4},"end":{"line":41,"column":5}},"loc":{"start":{"line":41,"column":29},"end":{"line":51,"column":5}},"line":41},"4":{"name":"(anonymous_4)","decl":{"start":{"line":53,"column":4},"end":{"line":53,"column":5}},"loc":{"start":{"line":53,"column":32},"end":{"line":63,"column":5}},"line":53},"5":{"name":"(anonymous_5)","decl":{"start":{"line":65,"column":4},"end":{"line":65,"column":5}},"loc":{"start":{"line":65,"column":34},"end":{"line":75,"column":5}},"line":65},"6":{"name":"(anonymous_6)","decl":{"start":{"line":77,"column":4},"end":{"line":77,"column":5}},"loc":{"start":{"line":77,"column":35},"end":{"line":87,"column":5}},"line":77},"7":{"name":"(anonymous_7)","decl":{"start":{"line":89,"column":4},"end":{"line":89,"column":5}},"loc":{"start":{"line":89,"column":50},"end":{"line":102,"column":5}},"line":89},"8":{"name":"(anonymous_8)","decl":{"start":{"line":104,"column":4},"end":{"line":104,"column":5}},"loc":{"start":{"line":104,"column":42},"end":{"line":115,"column":5}},"line":104},"9":{"name":"(anonymous_9)","decl":{"start":{"line":117,"column":4},"end":{"line":117,"column":5}},"loc":{"start":{"line":117,"column":37},"end":{"line":134,"column":5}},"line":117}},"branchMap":{"0":{"loc":{"start":{"line":19,"column":12},"end":{"line":21,"column":13}},"type":"if","locations":[{"start":{"line":19,"column":12},"end":{"line":21,"column":13}},{"start":{},"end":{}}],"line":19},"1":{"loc":{"start":{"line":31,"column":12},"end":{"line":33,"column":13}},"type":"if","locations":[{"start":{"line":31,"column":12},"end":{"line":33,"column":13}},{"start":{},"end":{}}],"line":31},"2":{"loc":{"start":{"line":44,"column":12},"end":{"line":46,"column":13}},"type":"if","locations":[{"start":{"line":44,"column":12},"end":{"line":46,"column":13}},{"start":{},"end":{}}],"line":44},"3":{"loc":{"start":{"line":56,"column":12},"end":{"line":58,"column":13}},"type":"if","locations":[{"start":{"line":56,"column":12},"end":{"line":58,"column":13}},{"start":{},"end":{}}],"line":56},"4":{"loc":{"start":{"line":68,"column":12},"end":{"line":70,"column":13}},"type":"if","locations":[{"start":{"line":68,"column":12},"end":{"line":70,"column":13}},{"start":{},"end":{}}],"line":68},"5":{"loc":{"start":{"line":80,"column":12},"end":{"line":82,"column":13}},"type":"if","locations":[{"start":{"line":80,"column":12},"end":{"line":82,"column":13}},{"start":{},"end":{}}],"line":80},"6":{"loc":{"start":{"line":92,"column":12},"end":{"line":94,"column":13}},"type":"if","locations":[{"start":{"line":92,"column":12},"end":{"line":94,"column":13}},{"start":{},"end":{}}],"line":92},"7":{"loc":{"start":{"line":107,"column":12},"end":{"line":109,"column":13}},"type":"if","locations":[{"start":{"line":107,"column":12},"end":{"line":109,"column":13}},{"start":{},"end":{}}],"line":107},"8":{"loc":{"start":{"line":120,"column":12},"end":{"line":122,"column":13}},"type":"if","locations":[{"start":{"line":120,"column":12},"end":{"line":122,"column":13}},{"start":{},"end":{}}],"line":120},"9":{"loc":{"start":{"line":124,"column":12},"end":{"line":126,"column":13}},"type":"if","locations":[{"start":{"line":124,"column":12},"end":{"line":126,"column":13}},{"start":{},"end":{}}],"line":124}},"s":{"0":2,"1":2,"2":2,"3":2,"4":1,"5":1,"6":1,"7":0,"8":2,"9":2,"10":2,"11":1,"12":1,"13":1,"14":2,"15":2,"16":2,"17":1,"18":1,"19":1,"20":2,"21":2,"22":2,"23":1,"24":1,"25":1,"26":6,"27":6,"28":4,"29":2,"30":2,"31":4,"32":2,"33":2,"34":2,"35":1,"36":1,"37":1,"38":1,"39":1,"40":0,"41":0,"42":0,"43":1,"44":1,"45":1,"46":1,"47":1,"48":0,"49":0,"50":0,"51":0,"52":1,"53":0,"54":0,"55":0,"56":0,"57":0,"58":0,"59":0,"60":0,"61":0,"62":0,"63":0,"64":0,"65":0,"66":0,"67":0,"68":0,"69":0,"70":0,"71":0,"72":2},"f":{"0":1,"1":2,"2":2,"3":2,"4":6,"5":2,"6":1,"7":1,"8":0,"9":0},"b":{"0":[1,1],"1":[1,1],"2":[1,1],"3":[2,2],"4":[1,1],"5":[0,0],"6":[1,0],"7":[0,0],"8":[0,0],"9":[0,0]},"_coverageSchema":"1a1c01bbd47fc00a2c39e90264f33305004495a9","hash":"d8e7e6c2d37bfe9c0b3409c7ec97ec3cf51012e2"}
}
