TN:
SF:modules\admin\controller\admin.controller.js
FN:6,(anonymous_0)
FN:15,(anonymous_1)
FN:24,(anonymous_2)
FN:33,(anonymous_3)
FN:42,(anonymous_4)
FN:51,(anonymous_5)
FN:60,(anonymous_6)
FN:69,(anonymous_7)
FN:78,(anonymous_8)
FNF:9
FNH:7
FNDA:1,(anonymous_0)
FNDA:1,(anonymous_1)
FNDA:1,(anonymous_2)
FNDA:1,(anonymous_3)
FNDA:1,(anonymous_4)
FNDA:1,(anonymous_5)
FNDA:0,(anonymous_6)
FNDA:0,(anonymous_7)
FNDA:1,(anonymous_8)
DA:1,1
DA:3,1
DA:7,1
DA:8,1
DA:9,1
DA:11,0
DA:16,1
DA:17,1
DA:18,1
DA:20,0
DA:25,1
DA:26,1
DA:27,1
DA:29,0
DA:34,1
DA:35,1
DA:36,1
DA:38,0
DA:43,1
DA:44,1
DA:45,1
DA:47,0
DA:52,1
DA:53,1
DA:54,1
DA:56,0
DA:61,0
DA:62,0
DA:63,0
DA:65,0
DA:70,0
DA:71,0
DA:72,0
DA:74,0
DA:79,1
DA:80,1
DA:81,1
DA:83,0
DA:88,1
LF:39
LH:24
BRF:0
BRH:0
end_of_record
TN:
SF:modules\admin\service\admin.service.js
FN:2,(anonymous_0)
FN:3,(anonymous_1)
FN:4,(anonymous_2)
FN:5,(anonymous_3)
FN:6,(anonymous_4)
FN:7,(anonymous_5)
FN:8,(anonymous_6)
FN:9,(anonymous_7)
FN:10,(anonymous_8)
FN:11,(anonymous_9)
FN:12,(anonymous_10)
FN:13,(anonymous_11)
FN:14,(anonymous_12)
FNF:13
FNH:0
FNDA:0,(anonymous_0)
FNDA:0,(anonymous_1)
FNDA:0,(anonymous_2)
FNDA:0,(anonymous_3)
FNDA:0,(anonymous_4)
FNDA:0,(anonymous_5)
FNDA:0,(anonymous_6)
FNDA:0,(anonymous_7)
FNDA:0,(anonymous_8)
FNDA:0,(anonymous_9)
FNDA:0,(anonymous_10)
FNDA:0,(anonymous_11)
FNDA:0,(anonymous_12)
DA:17,2
LF:1
LH:1
BRF:0
BRH:0
end_of_record
TN:
SF:modules\admin\service\impl\admin.serviceImpl.js
FN:8,(anonymous_0)
FN:17,(anonymous_1)
FN:26,(anonymous_2)
FN:35,(anonymous_3)
FN:44,(anonymous_4)
FN:60,(anonymous_5)
FN:76,(anonymous_6)
FN:90,(anonymous_7)
FN:99,(anonymous_8)
FN:114,(anonymous_9)
FN:130,(anonymous_10)
FN:141,(anonymous_11)
FN:158,(anonymous_12)
FNF:13
FNH:9
FNDA:2,(anonymous_0)
FNDA:2,(anonymous_1)
FNDA:2,(anonymous_2)
FNDA:2,(anonymous_3)
FNDA:0,(anonymous_4)
FNDA:0,(anonymous_5)
FNDA:0,(anonymous_6)
FNDA:1,(anonymous_7)
FNDA:0,(anonymous_8)
FNDA:1,(anonymous_9)
FNDA:1,(anonymous_10)
FNDA:1,(anonymous_11)
FNDA:2,(anonymous_12)
DA:1,2
DA:2,2
DA:3,2
DA:4,2
DA:5,2
DA:9,2
DA:10,2
DA:11,1
DA:13,1
DA:18,2
DA:19,2
DA:20,1
DA:22,1
DA:27,2
DA:28,2
DA:29,1
DA:31,1
DA:36,2
DA:37,2
DA:38,1
DA:40,1
DA:45,0
DA:47,0
DA:54,0
DA:56,0
DA:61,0
DA:63,0
DA:70,0
DA:72,0
DA:77,0
DA:79,0
DA:84,0
DA:86,0
DA:91,1
DA:92,1
DA:93,0
DA:95,1
DA:100,0
DA:102,0
DA:103,0
DA:108,0
DA:110,0
DA:115,1
DA:117,1
DA:124,1
DA:126,0
DA:131,1
DA:133,1
DA:134,1
DA:136,0
DA:137,0
DA:142,1
DA:144,1
DA:145,1
DA:151,1
DA:153,0
DA:154,0
DA:159,2
DA:161,2
DA:162,1
DA:171,1
DA:177,1
DA:179,1
DA:184,2
LF:64
LH:41
BRDA:173,0,0,1
BRDA:173,0,1,0
BRF:2
BRH:1
end_of_record
TN:
SF:modules\blog\controller\blog.controller.js
FN:6,(anonymous_0)
FN:15,(anonymous_1)
FN:24,(anonymous_2)
FN:33,(anonymous_3)
FN:42,(anonymous_4)
FN:51,(anonymous_5)
FN:60,(anonymous_6)
FN:74,(anonymous_7)
FN:85,(anonymous_8)
FN:95,(anonymous_9)
FN:104,(anonymous_10)
FN:114,(anonymous_11)
FN:124,(anonymous_12)
FNF:13
FNH:9
FNDA:2,(anonymous_0)
FNDA:2,(anonymous_1)
FNDA:2,(anonymous_2)
FNDA:3,(anonymous_3)
FNDA:0,(anonymous_4)
FNDA:0,(anonymous_5)
FNDA:2,(anonymous_6)
FNDA:2,(anonymous_7)
FNDA:2,(anonymous_8)
FNDA:1,(anonymous_9)
FNDA:0,(anonymous_10)
FNDA:1,(anonymous_11)
FNDA:0,(anonymous_12)
DA:1,1
DA:3,1
DA:7,2
DA:8,2
DA:9,1
DA:11,1
DA:16,2
DA:17,2
DA:18,1
DA:20,1
DA:25,2
DA:26,2
DA:27,1
DA:29,1
DA:34,3
DA:35,3
DA:36,1
DA:38,2
DA:43,0
DA:44,0
DA:45,0
DA:47,0
DA:52,0
DA:53,0
DA:54,0
DA:56,0
DA:61,2
DA:62,2
DA:63,2
DA:67,2
DA:68,2
DA:70,0
DA:75,2
DA:76,2
DA:77,2
DA:78,2
DA:79,2
DA:81,0
DA:86,2
DA:87,2
DA:88,2
DA:89,2
DA:91,0
DA:96,1
DA:97,1
DA:98,1
DA:100,0
DA:105,0
DA:106,0
DA:107,0
DA:108,0
DA:110,0
DA:115,1
DA:116,1
DA:117,1
DA:118,1
DA:120,0
DA:125,0
DA:126,0
DA:127,0
DA:128,0
DA:130,0
DA:135,1
LF:63
LH:40
BRF:0
BRH:0
end_of_record
TN:
SF:modules\blog\dao\models\blog.model.js
FNF:0
FNH:0
DA:1,4
DA:3,4
DA:4,4
LF:3
LH:3
BRF:0
BRH:0
end_of_record
TN:
SF:modules\blog\dao\schemas\blog.schema.js
FNF:0
FNH:0
DA:1,4
DA:3,4
DA:17,4
LF:3
LH:3
BRF:0
BRH:0
end_of_record
TN:
SF:modules\blog\routes\blogs.routes.js
FNF:0
FNH:0
DA:1,1
DA:2,1
DA:4,1
DA:5,1
DA:6,1
DA:8,1
DA:9,1
DA:10,1
DA:11,1
DA:12,1
DA:13,1
DA:14,1
DA:15,1
DA:16,1
DA:17,1
DA:18,1
DA:19,1
DA:20,1
DA:22,1
LF:19
LH:19
BRF:0
BRH:0
end_of_record
TN:
SF:modules\blog\service\blog.service.js
FN:2,(anonymous_0)
FN:3,(anonymous_1)
FN:4,(anonymous_2)
FN:5,(anonymous_3)
FN:6,(anonymous_4)
FN:7,(anonymous_5)
FN:8,(anonymous_6)
FN:9,(anonymous_7)
FN:10,(anonymous_8)
FN:11,(anonymous_9)
FN:12,(anonymous_10)
FN:13,(anonymous_11)
FN:14,(anonymous_12)
FNF:13
FNH:0
FNDA:0,(anonymous_0)
FNDA:0,(anonymous_1)
FNDA:0,(anonymous_2)
FNDA:0,(anonymous_3)
FNDA:0,(anonymous_4)
FNDA:0,(anonymous_5)
FNDA:0,(anonymous_6)
FNDA:0,(anonymous_7)
FNDA:0,(anonymous_8)
FNDA:0,(anonymous_9)
FNDA:0,(anonymous_10)
FNDA:0,(anonymous_11)
FNDA:0,(anonymous_12)
DA:17,2
LF:1
LH:1
BRF:0
BRH:0
end_of_record
TN:
SF:modules\blog\service\impl\blog.serviceImpl.js
FN:5,(anonymous_0)
FN:14,(anonymous_1)
FN:26,(anonymous_2)
FN:38,(anonymous_3)
FN:50,(anonymous_4)
FN:59,(anonymous_5)
FN:68,(anonymous_6)
FN:82,(anonymous_7)
FN:88,(anonymous_8)
FN:100,(anonymous_9)
FN:106,(anonymous_10)
FN:118,(anonymous_11)
FN:127,(anonymous_12)
FN:141,(anonymous_13)
FN:154,(anonymous_14)
FNF:15
FNH:9
FNDA:2,(anonymous_0)
FNDA:2,(anonymous_1)
FNDA:3,(anonymous_2)
FNDA:3,(anonymous_3)
FNDA:2,(anonymous_4)
FNDA:1,(anonymous_5)
FNDA:0,(anonymous_6)
FNDA:0,(anonymous_7)
FNDA:0,(anonymous_8)
FNDA:0,(anonymous_9)
FNDA:0,(anonymous_10)
FNDA:1,(anonymous_11)
FNDA:1,(anonymous_12)
FNDA:1,(anonymous_13)
FNDA:0,(anonymous_14)
DA:1,2
DA:2,2
DA:6,2
DA:7,2
DA:8,1
DA:10,1
DA:15,2
DA:16,2
DA:17,2
DA:18,1
DA:20,1
DA:22,1
DA:27,3
DA:28,3
DA:29,2
DA:30,1
DA:32,1
DA:34,2
DA:39,3
DA:40,3
DA:41,2
DA:42,1
DA:44,1
DA:46,2
DA:51,2
DA:52,2
DA:53,1
DA:55,1
DA:60,1
DA:61,1
DA:62,1
DA:64,0
DA:69,0
DA:70,0
DA:71,0
DA:72,0
DA:74,0
DA:75,0
DA:76,0
DA:78,0
DA:83,0
DA:84,0
DA:85,0
DA:86,0
DA:88,0
DA:89,0
DA:90,0
DA:92,0
DA:93,0
DA:94,0
DA:96,0
DA:101,0
DA:102,0
DA:103,0
DA:104,0
DA:106,0
DA:107,0
DA:108,0
DA:110,0
DA:111,0
DA:112,0
DA:114,0
DA:119,1
DA:120,1
DA:121,1
DA:123,0
DA:128,1
DA:129,1
DA:130,1
DA:131,0
DA:133,1
DA:134,1
DA:135,1
DA:137,0
DA:142,1
DA:143,1
DA:144,1
DA:145,0
DA:147,1
DA:148,1
DA:150,0
DA:155,0
DA:156,0
DA:161,0
DA:163,0
DA:164,0
DA:169,2
LF:87
LH:46
BRDA:17,0,0,1
BRDA:17,0,1,1
BRDA:29,1,0,1
BRDA:29,1,1,1
BRDA:41,2,0,1
BRDA:41,2,1,1
BRDA:71,3,0,0
BRDA:71,3,1,0
BRDA:85,4,0,0
BRDA:85,4,1,0
BRDA:89,5,0,0
BRDA:89,5,1,0
BRDA:103,6,0,0
BRDA:103,6,1,0
BRDA:107,7,0,0
BRDA:107,7,1,0
BRDA:130,8,0,0
BRDA:130,8,1,1
BRDA:144,9,0,0
BRDA:144,9,1,1
BRF:20
BRH:8
end_of_record
TN:
SF:modules\middleware\authAdminMiddleware.js
FN:1,adminMiddleware
FNF:1
FNH:0
FNDA:0,adminMiddleware
DA:2,0
DA:3,0
DA:5,0
DA:9,4
LF:4
LH:1
BRDA:2,0,0,0
BRDA:2,0,1,0
BRF:2
BRH:0
end_of_record
TN:
SF:modules\middleware\authUserMiddleware.js
FN:3,authMiddleware
FNF:1
FNH:1
FNDA:37,authMiddleware
DA:1,4
DA:4,37
DA:5,37
DA:6,37
DA:8,0
DA:9,0
DA:10,0
DA:11,0
DA:13,0
DA:14,0
DA:18,4
LF:11
LH:5
BRDA:5,0,0,37
BRDA:5,0,1,0
BRF:2
BRH:1
end_of_record
TN:
SF:modules\order\controller\order.controller.js
FN:6,(anonymous_0)
FN:15,(anonymous_1)
FN:24,(anonymous_2)
FN:33,(anonymous_3)
FN:42,(anonymous_4)
FN:51,(anonymous_5)
FN:61,(anonymous_6)
FN:71,(anonymous_7)
FN:81,(anonymous_8)
FN:91,(anonymous_9)
FN:100,(anonymous_10)
FN:110,(anonymous_11)
FN:120,(anonymous_12)
FN:129,(anonymous_13)
FNF:14
FNH:12
FNDA:0,(anonymous_0)
FNDA:2,(anonymous_1)
FNDA:2,(anonymous_2)
FNDA:2,(anonymous_3)
FNDA:3,(anonymous_4)
FNDA:1,(anonymous_5)
FNDA:1,(anonymous_6)
FNDA:1,(anonymous_7)
FNDA:1,(anonymous_8)
FNDA:1,(anonymous_9)
FNDA:1,(anonymous_10)
FNDA:1,(anonymous_11)
FNDA:1,(anonymous_12)
FNDA:0,(anonymous_13)
DA:1,1
DA:3,1
DA:7,0
DA:8,0
DA:9,0
DA:11,0
DA:16,2
DA:17,2
DA:18,1
DA:20,1
DA:25,2
DA:26,2
DA:27,1
DA:29,1
DA:34,2
DA:35,2
DA:36,1
DA:38,1
DA:43,3
DA:44,3
DA:45,1
DA:47,2
DA:52,1
DA:53,1
DA:54,1
DA:55,1
DA:57,0
DA:62,1
DA:63,1
DA:64,1
DA:65,1
DA:67,0
DA:72,1
DA:73,1
DA:74,1
DA:75,1
DA:77,0
DA:82,1
DA:83,1
DA:84,1
DA:85,1
DA:87,0
DA:92,1
DA:93,1
DA:94,1
DA:96,0
DA:101,1
DA:102,1
DA:103,1
DA:104,1
DA:106,0
DA:111,1
DA:112,1
DA:113,1
DA:114,1
DA:116,0
DA:121,1
DA:122,1
DA:123,1
DA:125,0
DA:130,0
DA:131,0
DA:132,0
DA:133,0
DA:135,0
DA:140,1
LF:66
LH:49
BRF:0
BRH:0
end_of_record
TN:
SF:modules\order\dao\models\order.model.js
FNF:0
FNH:0
DA:1,6
DA:3,6
DA:4,6
LF:3
LH:3
BRF:0
BRH:0
end_of_record
TN:
SF:modules\order\dao\schemas\order.schema.js
FNF:0
FNH:0
DA:1,6
DA:3,6
DA:23,6
LF:3
LH:3
BRF:0
BRH:0
end_of_record
TN:
SF:modules\order\routes\order.routes.js
FNF:0
FNH:0
DA:1,1
DA:2,1
DA:4,1
DA:5,1
DA:6,1
DA:8,1
DA:10,1
DA:11,1
DA:12,1
DA:13,1
DA:14,1
DA:15,1
DA:16,1
DA:17,1
DA:18,1
DA:19,1
DA:20,1
DA:21,1
DA:22,1
DA:23,1
DA:25,1
LF:21
LH:21
BRF:0
BRH:0
end_of_record
TN:
SF:modules\order\service\order.service.js
FN:2,(anonymous_0)
FN:3,(anonymous_1)
FN:4,(anonymous_2)
FN:5,(anonymous_3)
FN:6,(anonymous_4)
FN:7,(anonymous_5)
FN:8,(anonymous_6)
FN:9,(anonymous_7)
FN:10,(anonymous_8)
FN:11,(anonymous_9)
FN:12,(anonymous_10)
FN:13,(anonymous_11)
FN:14,(anonymous_12)
FN:15,(anonymous_13)
FNF:14
FNH:0
FNDA:0,(anonymous_0)
FNDA:0,(anonymous_1)
FNDA:0,(anonymous_2)
FNDA:0,(anonymous_3)
FNDA:0,(anonymous_4)
FNDA:0,(anonymous_5)
FNDA:0,(anonymous_6)
FNDA:0,(anonymous_7)
FNDA:0,(anonymous_8)
FNDA:0,(anonymous_9)
FNDA:0,(anonymous_10)
FNDA:0,(anonymous_11)
FNDA:0,(anonymous_12)
FNDA:0,(anonymous_13)
DA:18,2
LF:1
LH:1
BRF:0
BRH:0
end_of_record
TN:
SF:modules\order\service\impl\order.serviceImpl.js
FN:5,(anonymous_0)
FN:14,(anonymous_1)
FN:23,(anonymous_2)
FN:35,(anonymous_3)
FN:47,(anonymous_4)
FN:59,(anonymous_5)
FN:68,(anonymous_6)
FN:80,(anonymous_7)
FN:92,(anonymous_8)
FN:110,(anonymous_9)
FN:117,(anonymous_10)
FN:140,(anonymous_11)
FN:160,(anonymous_12)
FN:179,(anonymous_13)
FN:183,(anonymous_14)
FN:202,(anonymous_15)
FNF:16
FNH:14
FNDA:2,(anonymous_0)
FNDA:0,(anonymous_1)
FNDA:2,(anonymous_2)
FNDA:3,(anonymous_3)
FNDA:3,(anonymous_4)
FNDA:2,(anonymous_5)
FNDA:2,(anonymous_6)
FNDA:2,(anonymous_7)
FNDA:1,(anonymous_8)
FNDA:2,(anonymous_9)
FNDA:3,(anonymous_10)
FNDA:2,(anonymous_11)
FNDA:2,(anonymous_12)
FNDA:2,(anonymous_13)
FNDA:3,(anonymous_14)
FNDA:0,(anonymous_15)
DA:1,2
DA:2,2
DA:6,2
DA:7,2
DA:8,1
DA:10,1
DA:15,0
DA:16,0
DA:17,0
DA:19,0
DA:24,2
DA:25,2
DA:26,2
DA:27,1
DA:29,1
DA:31,1
DA:36,3
DA:37,3
DA:38,2
DA:39,1
DA:41,1
DA:43,2
DA:48,3
DA:49,3
DA:50,2
DA:51,1
DA:53,1
DA:55,2
DA:60,2
DA:61,2
DA:62,1
DA:64,1
DA:69,2
DA:70,2
DA:71,1
DA:72,0
DA:74,1
DA:76,1
DA:81,2
DA:82,2
DA:83,1
DA:84,0
DA:86,1
DA:88,1
DA:93,1
DA:94,1
DA:95,1
DA:96,0
DA:100,1
DA:101,0
DA:102,0
DA:104,0
DA:106,1
DA:111,2
DA:112,2
DA:113,1
DA:114,1
DA:115,1
DA:116,1
DA:117,1
DA:118,3
DA:119,3
DA:120,3
DA:121,2
DA:123,3
DA:124,2
DA:127,1
DA:128,1
DA:134,1
DA:136,1
DA:141,2
DA:142,2
DA:143,1
DA:144,0
DA:148,1
DA:154,1
DA:156,1
DA:161,2
DA:162,2
DA:163,1
DA:164,0
DA:168,1
DA:173,1
DA:175,1
DA:180,2
DA:181,2
DA:182,1
DA:184,3
DA:185,3
DA:186,3
DA:187,3
DA:188,3
DA:196,1
DA:198,1
DA:203,0
DA:204,0
DA:208,0
DA:210,0
DA:211,0
DA:217,2
LF:100
LH:83
BRDA:26,0,0,1
BRDA:26,0,1,1
BRDA:38,1,0,1
BRDA:38,1,1,1
BRDA:50,2,0,1
BRDA:50,2,1,1
BRDA:71,3,0,0
BRDA:71,3,1,1
BRDA:83,4,0,0
BRDA:83,4,1,1
BRDA:95,5,0,0
BRDA:95,5,1,1
BRDA:120,6,0,2
BRDA:120,6,1,1
BRDA:123,7,0,2
BRDA:123,7,1,1
BRDA:143,8,0,0
BRDA:143,8,1,1
BRDA:163,9,0,0
BRDA:163,9,1,1
BRF:20
BRH:15
end_of_record
TN:
SF:modules\product\controller\product.controller.js
FN:6,(anonymous_0)
FN:15,(anonymous_1)
FN:24,(anonymous_2)
FN:33,(anonymous_3)
FN:42,(anonymous_4)
FN:51,(anonymous_5)
FN:61,(anonymous_6)
FN:71,(anonymous_7)
FN:82,(anonymous_8)
FN:93,(anonymous_9)
FN:106,(anonymous_10)
FN:116,(anonymous_11)
FN:128,(anonymous_12)
FNF:13
FNH:11
FNDA:1,(anonymous_0)
FNDA:3,(anonymous_1)
FNDA:4,(anonymous_2)
FNDA:4,(anonymous_3)
FNDA:2,(anonymous_4)
FNDA:2,(anonymous_5)
FNDA:2,(anonymous_6)
FNDA:2,(anonymous_7)
FNDA:0,(anonymous_8)
FNDA:0,(anonymous_9)
FNDA:2,(anonymous_10)
FNDA:2,(anonymous_11)
FNDA:2,(anonymous_12)
DA:1,1
DA:3,1
DA:7,1
DA:8,1
DA:9,1
DA:11,0
DA:16,3
DA:17,3
DA:18,1
DA:20,2
DA:25,4
DA:26,4
DA:27,2
DA:29,2
DA:34,4
DA:35,4
DA:36,2
DA:38,2
DA:43,2
DA:44,2
DA:45,1
DA:47,1
DA:52,2
DA:53,2
DA:54,2
DA:55,1
DA:57,1
DA:62,2
DA:63,2
DA:64,2
DA:65,1
DA:67,1
DA:72,2
DA:73,2
DA:74,2
DA:75,2
DA:76,1
DA:78,1
DA:83,0
DA:84,0
DA:85,0
DA:86,0
DA:87,0
DA:89,0
DA:94,0
DA:95,0
DA:96,0
DA:97,0
DA:98,0
DA:99,0
DA:100,0
DA:102,0
DA:107,2
DA:108,2
DA:109,2
DA:110,1
DA:112,1
DA:117,2
DA:118,2
DA:119,2
DA:120,2
DA:121,2
DA:122,1
DA:124,1
DA:129,2
DA:130,2
DA:131,2
DA:132,2
DA:133,1
DA:135,1
DA:142,1
LF:71
LH:56
BRF:0
BRH:0
end_of_record
TN:
SF:modules\product\dao\models\cart.model.js
FNF:0
FNH:0
DA:1,2
DA:3,2
DA:9,2
DA:16,2
DA:18,2
LF:5
LH:5
BRF:0
BRH:0
end_of_record
TN:
SF:modules\product\dao\models\product.model.js
FNF:0
FNH:0
DA:1,4
DA:3,4
DA:4,4
LF:3
LH:3
BRF:0
BRH:0
end_of_record
TN:
SF:modules\product\dao\schemas\product.schema.js
FNF:0
FNH:0
DA:1,4
DA:3,4
DA:12,4
LF:3
LH:3
BRF:0
BRH:0
end_of_record
TN:
SF:modules\product\routes\product.routes.js
FNF:0
FNH:0
DA:1,1
DA:2,1
DA:4,1
DA:5,1
DA:6,1
DA:7,1
DA:9,1
DA:10,1
DA:11,1
DA:12,1
DA:13,1
DA:14,1
DA:15,1
DA:16,1
DA:17,1
DA:18,1
DA:19,1
DA:20,1
DA:21,1
DA:23,1
LF:20
LH:20
BRF:0
BRH:0
end_of_record
TN:
SF:modules\product\service\product.service.js
FN:2,(anonymous_0)
FN:3,(anonymous_1)
FN:4,(anonymous_2)
FN:5,(anonymous_3)
FN:6,(anonymous_4)
FN:7,(anonymous_5)
FN:8,(anonymous_6)
FN:9,(anonymous_7)
FN:10,(anonymous_8)
FN:11,(anonymous_9)
FN:12,(anonymous_10)
FN:13,(anonymous_11)
FN:14,(anonymous_12)
FNF:13
FNH:0
FNDA:0,(anonymous_0)
FNDA:0,(anonymous_1)
FNDA:0,(anonymous_2)
FNDA:0,(anonymous_3)
FNDA:0,(anonymous_4)
FNDA:0,(anonymous_5)
FNDA:0,(anonymous_6)
FNDA:0,(anonymous_7)
FNDA:0,(anonymous_8)
FNDA:0,(anonymous_9)
FNDA:0,(anonymous_10)
FNDA:0,(anonymous_11)
FNDA:0,(anonymous_12)
DA:17,2
LF:1
LH:1
BRF:0
BRH:0
end_of_record
TN:
SF:modules\product\service\impl\product.serviceImpl.js
FN:7,(anonymous_0)
FN:16,(anonymous_1)
FN:28,(anonymous_2)
FN:40,(anonymous_3)
FN:52,(anonymous_4)
FN:71,(anonymous_5)
FN:80,(anonymous_6)
FN:89,(anonymous_7)
FN:105,(anonymous_8)
FN:118,(anonymous_9)
FN:125,(anonymous_10)
FN:132,(anonymous_11)
FN:157,(anonymous_12)
FN:180,(anonymous_13)
FN:189,(anonymous_14)
FN:202,(anonymous_15)
FNF:16
FNH:8
FNDA:2,(anonymous_0)
FNDA:3,(anonymous_1)
FNDA:4,(anonymous_2)
FNDA:3,(anonymous_3)
FNDA:2,(anonymous_4)
FNDA:0,(anonymous_5)
FNDA:0,(anonymous_6)
FNDA:0,(anonymous_7)
FNDA:0,(anonymous_8)
FNDA:0,(anonymous_9)
FNDA:0,(anonymous_10)
FNDA:0,(anonymous_11)
FNDA:1,(anonymous_12)
FNDA:0,(anonymous_13)
FNDA:2,(anonymous_14)
FNDA:2,(anonymous_15)
DA:1,2
DA:2,2
DA:3,2
DA:4,2
DA:8,2
DA:9,2
DA:10,1
DA:12,1
DA:17,3
DA:18,3
DA:19,3
DA:20,1
DA:22,2
DA:24,1
DA:29,4
DA:30,4
DA:31,3
DA:32,1
DA:34,2
DA:36,2
DA:41,3
DA:42,3
DA:43,2
DA:44,1
DA:46,1
DA:48,2
DA:53,2
DA:54,2
DA:56,2
DA:57,2
DA:60,2
DA:61,2
DA:64,2
DA:65,1
DA:67,1
DA:72,0
DA:73,0
DA:74,0
DA:76,0
DA:81,0
DA:82,0
DA:83,0
DA:85,0
DA:90,0
DA:91,0
DA:93,0
DA:94,0
DA:97,0
DA:98,0
DA:102,0
DA:105,0
DA:106,0
DA:110,0
DA:112,0
DA:114,0
DA:119,0
DA:120,0
DA:121,0
DA:122,0
DA:124,0
DA:125,0
DA:126,0
DA:127,0
DA:129,0
DA:132,0
DA:145,0
DA:146,0
DA:147,0
DA:148,0
DA:150,0
DA:153,0
DA:158,1
DA:159,1
DA:161,1
DA:162,0
DA:168,1
DA:173,1
DA:176,0
DA:181,0
DA:182,0
DA:183,0
DA:185,0
DA:190,2
DA:191,2
DA:196,2
DA:198,0
DA:203,2
DA:204,2
DA:209,2
DA:211,0
DA:216,2
LF:91
LH:47
BRDA:19,0,0,1
BRDA:19,0,1,2
BRDA:31,1,0,1
BRDA:31,1,1,2
BRDA:43,2,0,1
BRDA:43,2,1,1
BRDA:56,3,0,2
BRDA:56,3,1,0
BRDA:60,4,0,2
BRDA:60,4,1,0
BRDA:93,5,0,0
BRDA:93,5,1,0
BRDA:97,6,0,0
BRDA:97,6,1,0
BRDA:97,7,0,0
BRDA:97,7,1,0
BRDA:121,8,0,0
BRDA:121,8,1,0
BRDA:161,9,0,0
BRDA:161,9,1,1
BRF:20
BRH:9
end_of_record
TN:
SF:modules\user\controller\user.controller.js
FN:6,(anonymous_0)
FN:29,(anonymous_1)
FN:38,(anonymous_2)
FN:47,(anonymous_3)
FN:56,(anonymous_4)
FN:66,(anonymous_5)
FN:76,(anonymous_6)
FN:86,(anonymous_7)
FN:100,(anonymous_8)
FNF:9
FNH:8
FNDA:2,(anonymous_0)
FNDA:2,(anonymous_1)
FNDA:2,(anonymous_2)
FNDA:2,(anonymous_3)
FNDA:2,(anonymous_4)
FNDA:2,(anonymous_5)
FNDA:2,(anonymous_6)
FNDA:2,(anonymous_7)
FNDA:0,(anonymous_8)
DA:1,1
DA:3,1
DA:7,2
DA:8,2
DA:9,2
DA:10,1
DA:12,1
DA:13,1
DA:15,1
DA:20,0
DA:21,0
DA:24,0
DA:25,0
DA:30,2
DA:31,2
DA:32,1
DA:34,1
DA:39,2
DA:40,2
DA:41,1
DA:43,1
DA:48,2
DA:49,2
DA:50,1
DA:52,1
DA:57,2
DA:58,2
DA:59,2
DA:60,1
DA:62,1
DA:67,2
DA:68,2
DA:69,2
DA:70,1
DA:72,1
DA:77,2
DA:78,2
DA:79,2
DA:80,1
DA:82,1
DA:87,2
DA:88,2
DA:89,2
DA:90,2
DA:91,1
DA:93,1
DA:94,0
DA:96,1
DA:101,0
DA:102,0
DA:103,0
DA:104,0
DA:106,0
DA:111,1
LF:54
LH:44
BRDA:9,0,0,1
BRDA:9,0,1,1
BRDA:9,1,0,2
BRDA:9,1,1,1
BRDA:9,1,2,1
BRDA:9,1,3,1
BRDA:90,2,0,1
BRDA:90,2,1,1
BRF:8
BRH:8
end_of_record
TN:
SF:modules\user\dao\models\user.model.js
FNF:0
FNH:0
DA:1,5
DA:3,5
DA:4,5
LF:3
LH:3
BRF:0
BRH:0
end_of_record
TN:
SF:modules\user\dao\schemas\user.schema.js
FN:22,(anonymous_0)
FN:33,(anonymous_1)
FNF:2
FNH:0
FNDA:0,(anonymous_0)
FNDA:0,(anonymous_1)
DA:1,5
DA:2,5
DA:4,5
DA:22,5
DA:23,0
DA:24,0
DA:25,0
DA:26,0
DA:27,0
DA:29,0
DA:33,5
DA:34,0
DA:35,0
DA:36,0
DA:37,0
DA:39,0
DA:43,5
LF:17
LH:6
BRDA:23,0,0,0
BRDA:23,0,1,0
BRF:2
BRH:0
end_of_record
TN:
SF:modules\user\routes\user.routes.js
FNF:0
FNH:0
DA:1,1
DA:2,1
DA:4,1
DA:5,1
DA:6,1
DA:7,1
DA:9,1
DA:10,1
DA:11,1
DA:12,1
DA:13,1
DA:14,1
DA:15,1
DA:16,1
DA:17,1
DA:19,1
LF:16
LH:16
BRF:0
BRH:0
end_of_record
TN:
SF:modules\user\service\user.service.js
FN:2,(anonymous_0)
FN:3,(anonymous_1)
FN:4,(anonymous_2)
FN:5,(anonymous_3)
FN:6,(anonymous_4)
FN:7,(anonymous_5)
FN:8,(anonymous_6)
FN:9,(anonymous_7)
FN:10,(anonymous_8)
FNF:9
FNH:0
FNDA:0,(anonymous_0)
FNDA:0,(anonymous_1)
FNDA:0,(anonymous_2)
FNDA:0,(anonymous_3)
FNDA:0,(anonymous_4)
FNDA:0,(anonymous_5)
FNDA:0,(anonymous_6)
FNDA:0,(anonymous_7)
FNDA:0,(anonymous_8)
DA:13,2
LF:1
LH:1
BRF:0
BRH:0
end_of_record
TN:
SF:modules\user\service\impl\user.serviceImpl.js
FN:7,(anonymous_0)
FN:16,(anonymous_1)
FN:28,(anonymous_2)
FN:41,(anonymous_3)
FN:53,(anonymous_4)
FN:65,(anonymous_5)
FN:77,(anonymous_6)
FN:89,(anonymous_7)
FN:104,(anonymous_8)
FN:117,(anonymous_9)
FNF:10
FNH:8
FNDA:1,(anonymous_0)
FNDA:2,(anonymous_1)
FNDA:2,(anonymous_2)
FNDA:2,(anonymous_3)
FNDA:6,(anonymous_4)
FNDA:2,(anonymous_5)
FNDA:1,(anonymous_6)
FNDA:1,(anonymous_7)
FNDA:0,(anonymous_8)
FNDA:0,(anonymous_9)
DA:1,2
DA:2,2
DA:3,2
DA:4,2
DA:8,1
DA:9,1
DA:10,1
DA:12,0
DA:17,2
DA:18,2
DA:19,2
DA:20,1
DA:22,1
DA:24,1
DA:29,2
DA:30,2
DA:31,2
DA:32,1
DA:35,1
DA:37,1
DA:42,2
DA:43,2
DA:44,2
DA:45,1
DA:47,1
DA:49,1
DA:54,6
DA:55,6
DA:56,4
DA:57,2
DA:59,2
DA:61,4
DA:66,2
DA:67,2
DA:68,2
DA:69,1
DA:71,1
DA:73,1
DA:78,1
DA:79,1
DA:80,0
DA:81,0
DA:83,0
DA:85,1
DA:90,1
DA:91,1
DA:92,1
DA:93,1
DA:95,0
DA:96,0
DA:97,0
DA:98,0
DA:100,1
DA:105,0
DA:106,0
DA:107,0
DA:108,0
DA:110,0
DA:111,0
DA:113,0
DA:118,0
DA:119,0
DA:120,0
DA:121,0
DA:123,0
DA:124,0
DA:125,0
DA:127,0
DA:128,0
DA:129,0
DA:130,0
DA:132,0
DA:137,2
LF:73
LH:46
BRDA:19,0,0,1
BRDA:19,0,1,1
BRDA:31,1,0,1
BRDA:31,1,1,1
BRDA:44,2,0,1
BRDA:44,2,1,1
BRDA:56,3,0,2
BRDA:56,3,1,2
BRDA:68,4,0,1
BRDA:68,4,1,1
BRDA:80,5,0,0
BRDA:80,5,1,0
BRDA:92,6,0,1
BRDA:92,6,1,0
BRDA:107,7,0,0
BRDA:107,7,1,0
BRDA:120,8,0,0
BRDA:120,8,1,0
BRDA:124,9,0,0
BRDA:124,9,1,0
BRF:20
BRH:11
end_of_record
